 
****************************************
Report : qor
Design : HDL_Complex_Multiplier
Version: P-2019.03-SP3
Date   : Tue Feb 23 13:26:33 2021
****************************************


  Timing Path Group 'clk'
  -----------------------------------
  Levels of Logic:              15.00
  Critical Path Length:          1.78
  Critical Path Slack:           0.00
  Critical Path Clk Period:      1.92
  Total Negative Slack:          0.00
  No. of Violating Paths:        0.00
  Worst Hold Violation:          0.00
  Total Hold Violation:          0.00
  No. of Hold Violations:        0.00
  -----------------------------------


  Cell Count
  -----------------------------------
  Hierarchical Cell Count:          0
  Hierarchical Port Count:          0
  Leaf Cell Count:               1446
  Buf/Inv Cell Count:             143
  Buf Cell Count:                   2
  Inv Cell Count:                 141
  CT Buf/Inv Cell Count:            0
  Combinational Cell Count:      1251
  Sequential Cell Count:          195
  Macro Count:                      0
  -----------------------------------


  Area
  -----------------------------------
  Combinational Area:     2954.678116
  Noncombinational Area:  1290.797418
  Buf/Inv Area:            191.878721
  Total Buffer Area:             6.35
  Total Inverter Area:         185.53
  Macro/Black Box Area:      0.000000
  Net Area:               1054.848444
  -----------------------------------
  Cell Area:              4245.475533
  Design Area:            5300.323978


  Design Rules
  -----------------------------------
  Total Number of Nets:          1595
  Nets With Violations:             0
  Max Trans Violations:             0
  Max Cap Violations:               0
  -----------------------------------


  Hostname: rhel77vdi012

  Compile CPU Statistics
  -----------------------------------------
  Resource Sharing:                    0.36
  Logic Optimization:                  3.19
  Mapping Optimization:                9.04
  -----------------------------------------
  Overall Compile Time:               39.14
  Overall Compile Wall Clock Time:    41.50

  --------------------------------------------------------------------

  Design  WNS: 0.00  TNS: 0.00  Number of Violating Paths: 0


  Design (Hold)  WNS: 0.00  TNS: 0.00  Number of Violating Paths: 0

  --------------------------------------------------------------------


1
