 
****************************************
Report : area
Design : HDL_Complex_Multiplier
Version: P-2019.03-SP3
Date   : Tue Feb 23 13:25:06 2021
****************************************

Information: Updating design information... (UID-85)
Library(s) Used:

    saed32rvt_ss0p75v125c (File: /usr/local/synopsys/SAED32_EDK/lib/stdcell_rvt/db_nldm/saed32rvt_ss0p75v125c.db)
    saed32lvt_ss0p75v125c (File: /usr/local/synopsys/SAED32_EDK/lib/stdcell_lvt/db_nldm/saed32lvt_ss0p75v125c.db)
    saed32hvt_ss0p75v125c (File: /usr/local/synopsys/SAED32_EDK/lib/stdcell_hvt/db_nldm/saed32hvt_ss0p75v125c.db)

Number of ports:                          199
Number of nets:                          1633
Number of cells:                         1491
Number of combinational cells:           1290
Number of sequential cells:               195
Number of macros/black boxes:               0
Number of buf/inv:                        161
Number of references:                      54

Combinational area:               2931.805171
Buf/Inv area:                      214.751681
Noncombinational area:            1290.543274
Macro/Black Box area:                0.000000
Net Interconnect area:            1076.358839

Total cell area:                  4222.348445
Total area:                       5298.707284
1
