 
****************************************
Report : qor
Design : HDL_Complex_Multiplier
Version: P-2019.03-SP3
Date   : Tue Feb 23 13:25:07 2021
****************************************


  Timing Path Group 'clk'
  -----------------------------------
  Levels of Logic:              15.00
  Critical Path Length:          1.46
  Critical Path Slack:           0.00
  Critical Path Clk Period:      1.54
  Total Negative Slack:          0.00
  No. of Violating Paths:        0.00
  Worst Hold Violation:          0.00
  Total Hold Violation:          0.00
  No. of Hold Violations:        0.00
  -----------------------------------


  Cell Count
  -----------------------------------
  Hierarchical Cell Count:          0
  Hierarchical Port Count:          0
  Leaf Cell Count:               1485
  Buf/Inv Cell Count:             161
  Buf Cell Count:                   2
  Inv Cell Count:                 159
  CT Buf/Inv Cell Count:            0
  Combinational Cell Count:      1290
  Sequential Cell Count:          195
  Macro Count:                      0
  -----------------------------------


  Area
  -----------------------------------
  Combinational Area:     2931.805171
  Noncombinational Area:  1290.543274
  Buf/Inv Area:            214.751681
  Total Buffer Area:             6.35
  Total Inverter Area:         208.40
  Macro/Black Box Area:      0.000000
  Net Area:               1076.358839
  -----------------------------------
  Cell Area:              4222.348445
  Design Area:            5298.707284


  Design Rules
  -----------------------------------
  Total Number of Nets:          1633
  Nets With Violations:             0
  Max Trans Violations:             0
  Max Cap Violations:               0
  -----------------------------------


  Hostname: rhel77vdi012

  Compile CPU Statistics
  -----------------------------------------
  Resource Sharing:                    0.35
  Logic Optimization:                  3.26
  Mapping Optimization:               12.91
  -----------------------------------------
  Overall Compile Time:               54.28
  Overall Compile Wall Clock Time:    56.22

  --------------------------------------------------------------------

  Design  WNS: 0.00  TNS: 0.00  Number of Violating Paths: 0


  Design (Hold)  WNS: 0.00  TNS: 0.00  Number of Violating Paths: 0

  --------------------------------------------------------------------


1
