 
****************************************
Report : area
Design : HDL_Complex_Multiplier
Version: P-2019.03-SP3
Date   : Tue Feb 23 13:27:50 2021
****************************************

Information: Updating design information... (UID-85)
Library(s) Used:

    saed32rvt_ss0p75v125c (File: /usr/local/synopsys/SAED32_EDK/lib/stdcell_rvt/db_nldm/saed32rvt_ss0p75v125c.db)
    saed32lvt_ss0p75v125c (File: /usr/local/synopsys/SAED32_EDK/lib/stdcell_lvt/db_nldm/saed32lvt_ss0p75v125c.db)
    saed32hvt_ss0p75v125c (File: /usr/local/synopsys/SAED32_EDK/lib/stdcell_hvt/db_nldm/saed32hvt_ss0p75v125c.db)

Number of ports:                          199
Number of nets:                          1389
Number of cells:                         1246
Number of combinational cells:           1050
Number of sequential cells:               195
Number of macros/black boxes:               0
Number of buf/inv:                        134
Number of references:                      46

Combinational area:               2485.274152
Buf/Inv area:                      179.171521
Noncombinational area:            1289.018410
Macro/Black Box area:                0.000000
Net Interconnect area:             907.690846

Total cell area:                  3774.292562
Total area:                       4681.983409
1
