 
****************************************
Report : power
        -analysis_effort low
Design : HDL_Complex_Multiplier
Version: P-2019.03-SP3
Date   : Tue Feb 23 13:27:16 2021
****************************************


Library(s) Used:

    saed32rvt_ss0p75v125c (File: /usr/local/synopsys/SAED32_EDK/lib/stdcell_rvt/db_nldm/saed32rvt_ss0p75v125c.db)
    saed32lvt_ss0p75v125c (File: /usr/local/synopsys/SAED32_EDK/lib/stdcell_lvt/db_nldm/saed32lvt_ss0p75v125c.db)
    saed32hvt_ss0p75v125c (File: /usr/local/synopsys/SAED32_EDK/lib/stdcell_hvt/db_nldm/saed32hvt_ss0p75v125c.db)


Operating Conditions: ss0p75v125c   Library: saed32rvt_ss0p75v125c
Wire Load Model Mode: enclosed

Design        Wire Load Model            Library
------------------------------------------------
HDL_Complex_Multiplier 8000              saed32rvt_ss0p75v125c


Global Operating Voltage = 0.75 
Power-specific unit information :
    Voltage Units = 1V
    Capacitance Units = 1.000000ff
    Time Units = 1ns
    Dynamic Power Units = 1uW    (derived from V,C,T units)
    Leakage Power Units = 1pW


  Cell Internal Power  = 348.8759 uW   (96%)
  Net Switching Power  =  15.8902 uW    (4%)
                         ---------
Total Dynamic Power    = 364.7662 uW  (100%)

Cell Leakage Power     = 142.4065 uW


                 Internal         Switching           Leakage            Total
Power Group      Power            Power               Power              Power   (   %    )  Attrs
--------------------------------------------------------------------------------------------------
io_pad             0.0000            0.0000            0.0000            0.0000  (   0.00%)
memory             0.0000            0.0000            0.0000            0.0000  (   0.00%)
black_box          0.0000            0.0000            0.0000            0.0000  (   0.00%)
clock_network      0.0000            0.0000            0.0000            0.0000  (   0.00%)
register         318.4442            2.3681        6.8256e+07          389.0681  (  76.71%)
sequential         0.0000            0.0000            0.0000            0.0000  (   0.00%)
combinational     30.4317           13.5222        7.4151e+07          118.1046  (  23.29%)
--------------------------------------------------------------------------------------------------
Total            348.8759 uW        15.8903 uW     1.4241e+08 pW       507.1726 uW
1
