 
****************************************
Report : area
Design : HDL_Complex_Multiplier
Version: P-2019.03-SP3
Date   : Tue Feb 23 13:25:50 2021
****************************************

Information: Updating design information... (UID-85)
Library(s) Used:

    saed32rvt_ss0p75v125c (File: /usr/local/synopsys/SAED32_EDK/lib/stdcell_rvt/db_nldm/saed32rvt_ss0p75v125c.db)
    saed32lvt_ss0p75v125c (File: /usr/local/synopsys/SAED32_EDK/lib/stdcell_lvt/db_nldm/saed32lvt_ss0p75v125c.db)
    saed32hvt_ss0p75v125c (File: /usr/local/synopsys/SAED32_EDK/lib/stdcell_hvt/db_nldm/saed32hvt_ss0p75v125c.db)

Number of ports:                          199
Number of nets:                          1622
Number of cells:                         1475
Number of combinational cells:           1274
Number of sequential cells:               195
Number of macros/black boxes:               0
Number of buf/inv:                        155
Number of references:                      51

Combinational area:               2919.860397
Buf/Inv area:                      209.668801
Noncombinational area:            1290.034986
Macro/Black Box area:                0.000000
Net Interconnect area:            1038.627321

Total cell area:                  4209.895383
Total area:                       5248.522704
1
