 
****************************************
Report : qor
Design : HDL_Complex_Multiplier
Version: P-2019.03-SP3
Date   : Tue Feb 23 13:25:50 2021
****************************************


  Timing Path Group 'clk'
  -----------------------------------
  Levels of Logic:              15.00
  Critical Path Length:          1.51
  Critical Path Slack:           0.00
  Critical Path Clk Period:      1.65
  Total Negative Slack:          0.00
  No. of Violating Paths:        0.00
  Worst Hold Violation:          0.00
  Total Hold Violation:          0.00
  No. of Hold Violations:        0.00
  -----------------------------------


  Cell Count
  -----------------------------------
  Hierarchical Cell Count:          0
  Hierarchical Port Count:          0
  Leaf Cell Count:               1469
  Buf/Inv Cell Count:             155
  Buf Cell Count:                   2
  Inv Cell Count:                 153
  CT Buf/Inv Cell Count:            0
  Combinational Cell Count:      1274
  Sequential Cell Count:          195
  Macro Count:                      0
  -----------------------------------


  Area
  -----------------------------------
  Combinational Area:     2919.860397
  Noncombinational Area:  1290.034986
  Buf/Inv Area:            209.668801
  Total Buffer Area:             7.62
  Total Inverter Area:         202.04
  Macro/Black Box Area:      0.000000
  Net Area:               1038.627321
  -----------------------------------
  Cell Area:              4209.895383
  Design Area:            5248.522704


  Design Rules
  -----------------------------------
  Total Number of Nets:          1622
  Nets With Violations:             0
  Max Trans Violations:             0
  Max Cap Violations:               0
  -----------------------------------


  Hostname: rhel77vdi012

  Compile CPU Statistics
  -----------------------------------------
  Resource Sharing:                    0.31
  Logic Optimization:                  2.72
  Mapping Optimization:               10.13
  -----------------------------------------
  Overall Compile Time:               39.21
  Overall Compile Wall Clock Time:    41.09

  --------------------------------------------------------------------

  Design  WNS: 0.00  TNS: 0.00  Number of Violating Paths: 0


  Design (Hold)  WNS: 0.00  TNS: 0.00  Number of Violating Paths: 0

  --------------------------------------------------------------------


1
