 
****************************************
Report : area
Design : HDL_Complex_Multiplier
Version: P-2019.03-SP3
Date   : Tue Feb 23 13:22:54 2021
****************************************

Information: Updating design information... (UID-85)
Library(s) Used:

    saed32lvt_ss0p75v125c (File: /usr/local/synopsys/SAED32_EDK/lib/stdcell_lvt/db_nldm/saed32lvt_ss0p75v125c.db)
    saed32rvt_ss0p75v125c (File: /usr/local/synopsys/SAED32_EDK/lib/stdcell_rvt/db_nldm/saed32rvt_ss0p75v125c.db)
    saed32hvt_ss0p75v125c (File: /usr/local/synopsys/SAED32_EDK/lib/stdcell_hvt/db_nldm/saed32hvt_ss0p75v125c.db)

Number of ports:                          199
Number of nets:                          1730
Number of cells:                         1579
Number of combinational cells:           1377
Number of sequential cells:               195
Number of macros/black boxes:               0
Number of buf/inv:                        184
Number of references:                      60

Combinational area:               3044.899267
Buf/Inv area:                      246.519681
Noncombinational area:            1291.559849
Macro/Black Box area:                0.000000
Net Interconnect area:            1128.046512

Total cell area:                  4336.459116
Total area:                       5464.505629
1
