 
****************************************
Report : timing
        -path full
        -delay max
        -max_paths 1
Design : HDL_Complex_Multiplier
Version: P-2019.03-SP3
Date   : Tue Feb 23 13:24:08 2021
****************************************

Operating Conditions: ss0p75v125c   Library: saed32rvt_ss0p75v125c
Wire Load Model Mode: enclosed

  Startpoint: Delay_out1_reg[45]
              (rising edge-triggered flip-flop clocked by clk)
  Endpoint: Delay3_out1_reg[47]
            (rising edge-triggered flip-flop clocked by clk)
  Path Group: clk
  Path Type: max

  Des/Clust/Port     Wire Load Model       Library
  ------------------------------------------------
  HDL_Complex_Multiplier
                     8000                  saed32rvt_ss0p75v125c

  Point                                    Incr       Path
  -----------------------------------------------------------
  clock clk (rise edge)                    0.00       0.00
  clock network delay (ideal)              0.00       0.00
  Delay_out1_reg[45]/CLK (DFFX1_RVT)       0.00       0.00 r
  Delay_out1_reg[45]/Q (DFFX1_RVT)         0.28       0.28 r
  U477/Y (XOR2X1_LVT)                      0.16       0.44 f
  U1625/Y (NOR2X0_LVT)                     0.11       0.55 r
  U1608/Y (OA21X1_LVT)                     0.08       0.63 r
  U607/Y (INVX1_HVT)                       0.10       0.73 f
  U1490/Y (AOI21X1_RVT)                    0.24       0.96 r
  U470/Y (OAI21X1_RVT)                     0.19       1.16 f
  U785/Y (INVX0_LVT)                       0.04       1.20 r
  U1268/Y (NAND3X0_LVT)                    0.04       1.24 f
  U1271/Y (NAND3X0_LVT)                    0.06       1.30 r
  U1273/Y (NAND4X0_LVT)                    0.05       1.35 f
  Delay3_out1_reg[47]/D (DFFX1_LVT)        0.00       1.35 f
  data arrival time                                   1.35

  clock clk (rise edge)                    1.43       1.43
  clock network delay (ideal)              0.00       1.43
  Delay3_out1_reg[47]/CLK (DFFX1_LVT)      0.00       1.43 r
  library setup time                      -0.08       1.35
  data required time                                  1.35
  -----------------------------------------------------------
  data required time                                  1.35
  data arrival time                                  -1.35
  -----------------------------------------------------------
  slack (MET)                                         0.00


1
