 
****************************************
Report : area
Design : HDL_Complex_Multiplier
Version: P-2019.03-SP3
Date   : Tue Feb 23 13:18:05 2021
****************************************

Information: Updating design information... (UID-85)
Library(s) Used:

    saed32lvt_ss0p75v125c (File: /usr/local/synopsys/SAED32_EDK/lib/stdcell_lvt/db_nldm/saed32lvt_ss0p75v125c.db)
    saed32rvt_ss0p75v125c (File: /usr/local/synopsys/SAED32_EDK/lib/stdcell_rvt/db_nldm/saed32rvt_ss0p75v125c.db)
    saed32hvt_ss0p75v125c (File: /usr/local/synopsys/SAED32_EDK/lib/stdcell_hvt/db_nldm/saed32hvt_ss0p75v125c.db)

Number of ports:                          199
Number of nets:                          1788
Number of cells:                         1636
Number of combinational cells:           1435
Number of sequential cells:               195
Number of macros/black boxes:               0
Number of buf/inv:                        230
Number of references:                      62

Combinational area:               3154.435347
Buf/Inv area:                      337.249091
Noncombinational area:            1290.797418
Macro/Black Box area:                0.000000
Net Interconnect area:            1083.195402

Total cell area:                  4445.232765
Total area:                       5528.428168
1
