 
****************************************
Report : power
        -analysis_effort low
Design : HDL_Complex_Multiplier
Version: P-2019.03-SP3
Date   : Tue Feb 23 13:28:39 2021
****************************************


Library(s) Used:

    saed32hvt_ss0p75v125c (File: /usr/local/synopsys/SAED32_EDK/lib/stdcell_hvt/db_nldm/saed32hvt_ss0p75v125c.db)
    saed32rvt_ss0p75v125c (File: /usr/local/synopsys/SAED32_EDK/lib/stdcell_rvt/db_nldm/saed32rvt_ss0p75v125c.db)
    saed32lvt_ss0p75v125c (File: /usr/local/synopsys/SAED32_EDK/lib/stdcell_lvt/db_nldm/saed32lvt_ss0p75v125c.db)


Operating Conditions: ss0p75v125c   Library: saed32rvt_ss0p75v125c
Wire Load Model Mode: enclosed

Design        Wire Load Model            Library
------------------------------------------------
HDL_Complex_Multiplier 8000              saed32rvt_ss0p75v125c


Global Operating Voltage = 0.75 
Power-specific unit information :
    Voltage Units = 1V
    Capacitance Units = 1.000000ff
    Time Units = 1ns
    Dynamic Power Units = 1uW    (derived from V,C,T units)
    Leakage Power Units = 1pW


  Cell Internal Power  =  57.6228 uW   (95%)
  Net Switching Power  =   2.7991 uW    (5%)
                         ---------
Total Dynamic Power    =  60.4220 uW  (100%)

Cell Leakage Power     =  27.6695 uW


                 Internal         Switching           Leakage            Total
Power Group      Power            Power               Power              Power   (   %    )  Attrs
--------------------------------------------------------------------------------------------------
io_pad             0.0000            0.0000            0.0000            0.0000  (   0.00%)
memory             0.0000            0.0000            0.0000            0.0000  (   0.00%)
black_box          0.0000            0.0000            0.0000            0.0000  (   0.00%)
clock_network      0.0000            0.0000            0.0000            0.0000  (   0.00%)
register          51.6039            0.4083        1.5809e+07           67.8216  (  76.99%)
sequential         0.0000            0.0000            0.0000            0.0000  (   0.00%)
combinational      6.0189            2.3909        1.1860e+07           20.2698  (  23.01%)
--------------------------------------------------------------------------------------------------
Total             57.6228 uW         2.7991 uW     2.7670e+07 pW        88.0915 uW
1
