 
****************************************
Report : area
Design : HDL_Complex_Multiplier
Version: P-2019.03-SP3
Date   : Tue Feb 23 13:24:08 2021
****************************************

Information: Updating design information... (UID-85)
Library(s) Used:

    saed32rvt_ss0p75v125c (File: /usr/local/synopsys/SAED32_EDK/lib/stdcell_rvt/db_nldm/saed32rvt_ss0p75v125c.db)
    saed32lvt_ss0p75v125c (File: /usr/local/synopsys/SAED32_EDK/lib/stdcell_lvt/db_nldm/saed32lvt_ss0p75v125c.db)
    saed32hvt_ss0p75v125c (File: /usr/local/synopsys/SAED32_EDK/lib/stdcell_hvt/db_nldm/saed32hvt_ss0p75v125c.db)

Number of ports:                          199
Number of nets:                          1738
Number of cells:                         1587
Number of combinational cells:           1385
Number of sequential cells:               195
Number of macros/black boxes:               0
Number of buf/inv:                        188
Number of references:                      60

Combinational area:               3023.551172
Buf/Inv area:                      249.315265
Noncombinational area:            1291.305706
Macro/Black Box area:                0.000000
Net Interconnect area:            1122.216436

Total cell area:                  4314.856877
Total area:                       5437.073313
1
