 
****************************************
Report : timing
        -path full
        -delay max
        -max_paths 1
Design : HDL_Complex_Multiplier
Version: P-2019.03-SP3
Date   : Tue Feb 23 13:30:00 2021
****************************************

Operating Conditions: ss0p75v125c   Library: saed32rvt_ss0p75v125c
Wire Load Model Mode: enclosed

  Startpoint: Delay2_out1_reg[2]
              (rising edge-triggered flip-flop clocked by clk)
  Endpoint: Delay3_out1_reg[62]
            (rising edge-triggered flip-flop clocked by clk)
  Path Group: clk
  Path Type: max

  Des/Clust/Port     Wire Load Model       Library
  ------------------------------------------------
  HDL_Complex_Multiplier
                     8000                  saed32rvt_ss0p75v125c

  Point                                    Incr       Path
  -----------------------------------------------------------
  clock clk (rise edge)                    0.00       0.00
  clock network delay (ideal)              0.00       0.00
  Delay2_out1_reg[2]/CLK (DFFX1_HVT)       0.00       0.00 r
  Delay2_out1_reg[2]/QN (DFFX1_HVT)        1.00       1.00 f
  U495/Y (INVX0_HVT)                       0.44       1.44 r
  U496/Y (INVX0_HVT)                       0.66       2.10 f
  U509/Y (NBUFFX2_HVT)                     1.05       3.15 f
  U510/Y (INVX1_HVT)                       0.74       3.89 r
  U667/Y (AO22X1_HVT)                      1.63       5.52 r
  intadd_12/U64/CO (FADDX1_HVT)            1.63       7.16 r
  intadd_12/U63/CO (FADDX1_HVT)            1.72       8.88 r
  intadd_12/U62/CO (FADDX1_HVT)            1.72      10.59 r
  intadd_12/U61/CO (FADDX1_HVT)            1.72      12.31 r
  intadd_12/U60/CO (FADDX1_HVT)            1.72      14.03 r
  intadd_12/U59/CO (FADDX1_HVT)            1.72      15.75 r
  intadd_12/U58/CO (FADDX1_HVT)            1.72      17.47 r
  intadd_12/U57/CO (FADDX1_HVT)            1.72      19.19 r
  intadd_12/U56/CO (FADDX1_HVT)            1.72      20.91 r
  intadd_12/U55/CO (FADDX1_HVT)            1.72      22.63 r
  intadd_12/U54/CO (FADDX1_HVT)            1.72      24.34 r
  intadd_12/U53/CO (FADDX1_HVT)            1.72      26.06 r
  intadd_12/U52/CO (FADDX1_HVT)            1.72      27.78 r
  intadd_12/U51/CO (FADDX1_HVT)            1.72      29.50 r
  intadd_12/U50/CO (FADDX1_HVT)            1.72      31.22 r
  intadd_12/U49/CO (FADDX1_HVT)            1.72      32.94 r
  intadd_12/U48/CO (FADDX1_HVT)            1.72      34.66 r
  intadd_12/U47/CO (FADDX1_HVT)            1.72      36.38 r
  intadd_12/U46/CO (FADDX1_HVT)            1.72      38.09 r
  intadd_12/U45/CO (FADDX1_HVT)            1.72      39.81 r
  intadd_12/U44/CO (FADDX1_HVT)            1.72      41.53 r
  intadd_12/U43/CO (FADDX1_HVT)            1.72      43.25 r
  intadd_12/U42/CO (FADDX1_HVT)            1.72      44.97 r
  intadd_12/U41/CO (FADDX1_HVT)            1.72      46.69 r
  intadd_12/U40/CO (FADDX1_HVT)            1.72      48.41 r
  intadd_12/U39/CO (FADDX1_HVT)            1.72      50.13 r
  intadd_12/U38/CO (FADDX1_HVT)            1.72      51.85 r
  intadd_12/U37/CO (FADDX1_HVT)            1.72      53.56 r
  intadd_12/U36/CO (FADDX1_HVT)            1.72      55.28 r
  intadd_12/U35/CO (FADDX1_HVT)            1.72      57.00 r
  intadd_12/U34/CO (FADDX1_HVT)            1.72      58.72 r
  intadd_12/U33/CO (FADDX1_HVT)            1.72      60.44 r
  intadd_12/U32/CO (FADDX1_HVT)            1.72      62.16 r
  intadd_12/U31/CO (FADDX1_HVT)            1.72      63.88 r
  intadd_12/U30/CO (FADDX1_HVT)            1.72      65.60 r
  intadd_12/U29/CO (FADDX1_HVT)            1.72      67.31 r
  intadd_12/U28/CO (FADDX1_HVT)            1.72      69.03 r
  intadd_12/U27/CO (FADDX1_HVT)            1.72      70.75 r
  intadd_12/U26/CO (FADDX1_HVT)            1.72      72.47 r
  intadd_12/U25/CO (FADDX1_HVT)            1.72      74.19 r
  intadd_12/U24/CO (FADDX1_HVT)            1.72      75.91 r
  intadd_12/U23/CO (FADDX1_HVT)            1.72      77.63 r
  intadd_12/U22/CO (FADDX1_HVT)            1.72      79.35 r
  intadd_12/U21/CO (FADDX1_HVT)            1.72      81.06 r
  intadd_12/U20/CO (FADDX1_HVT)            1.72      82.78 r
  intadd_12/U19/CO (FADDX1_HVT)            1.72      84.50 r
  intadd_12/U18/CO (FADDX1_HVT)            1.72      86.22 r
  intadd_12/U17/CO (FADDX1_HVT)            1.72      87.94 r
  intadd_12/U16/CO (FADDX1_HVT)            1.72      89.66 r
  intadd_12/U15/CO (FADDX1_HVT)            1.72      91.38 r
  intadd_12/U14/CO (FADDX1_HVT)            1.72      93.10 r
  intadd_12/U13/CO (FADDX1_HVT)            1.72      94.81 r
  intadd_12/U12/CO (FADDX1_HVT)            1.72      96.53 r
  intadd_12/U11/CO (FADDX1_HVT)            1.72      98.25 r
  intadd_12/U10/CO (FADDX1_HVT)            1.72      99.97 r
  intadd_12/U9/CO (FADDX1_HVT)             1.72     101.69 r
  intadd_12/U8/CO (FADDX1_HVT)             1.72     103.41 r
  intadd_12/U7/CO (FADDX1_HVT)             1.72     105.13 r
  intadd_12/U6/CO (FADDX1_HVT)             1.72     106.85 r
  intadd_12/U5/CO (FADDX1_HVT)             1.72     108.57 r
  intadd_12/U4/CO (FADDX1_HVT)             1.72     110.28 r
  intadd_12/U3/CO (FADDX1_HVT)             1.72     112.00 r
  intadd_12/U2/S (FADDX1_HVT)              1.65     113.65 r
  U737/Y (AO22X1_HVT)                      1.63     115.28 r
  U738/Y (AO221X1_HVT)                     1.35     116.62 r
  U739/Y (OA222X1_HVT)                     2.40     119.02 r
  Delay3_out1_reg[62]/D (DFFX1_HVT)        0.00     119.02 r
  data arrival time                                 119.02

  clock clk (rise edge)                 1100.00    1100.00
  clock network delay (ideal)              0.00    1100.00
  Delay3_out1_reg[62]/CLK (DFFX1_HVT)      0.00    1100.00 r
  library setup time                      -1.68    1098.32
  data required time                               1098.32
  -----------------------------------------------------------
  data required time                               1098.32
  data arrival time                                -119.02
  -----------------------------------------------------------
  slack (MET)                                       979.30


1
