 
****************************************
Report : area
Design : HDL_Complex_Multiplier
Version: P-2019.03-SP3
Date   : Tue Feb 23 13:26:33 2021
****************************************

Information: Updating design information... (UID-85)
Library(s) Used:

    saed32rvt_ss0p75v125c (File: /usr/local/synopsys/SAED32_EDK/lib/stdcell_rvt/db_nldm/saed32rvt_ss0p75v125c.db)
    saed32lvt_ss0p75v125c (File: /usr/local/synopsys/SAED32_EDK/lib/stdcell_lvt/db_nldm/saed32lvt_ss0p75v125c.db)
    saed32hvt_ss0p75v125c (File: /usr/local/synopsys/SAED32_EDK/lib/stdcell_hvt/db_nldm/saed32hvt_ss0p75v125c.db)

Number of ports:                          199
Number of nets:                          1595
Number of cells:                         1452
Number of combinational cells:           1251
Number of sequential cells:               195
Number of macros/black boxes:               0
Number of buf/inv:                        143
Number of references:                      57

Combinational area:               2954.678116
Buf/Inv area:                      191.878721
Noncombinational area:            1290.797418
Macro/Black Box area:                0.000000
Net Interconnect area:            1054.848444

Total cell area:                  4245.475533
Total area:                       5300.323978
1
