 
****************************************
Report : area
Design : HDL_Complex_Multiplier
Version: P-2019.03-SP3
Date   : Tue Feb 23 13:15:34 2021
****************************************

Information: Updating design information... (UID-85)
Library(s) Used:

    saed32lvt_ss0p75v125c (File: /usr/local/synopsys/SAED32_EDK/lib/stdcell_lvt/db_nldm/saed32lvt_ss0p75v125c.db)
    saed32rvt_ss0p75v125c (File: /usr/local/synopsys/SAED32_EDK/lib/stdcell_rvt/db_nldm/saed32rvt_ss0p75v125c.db)
    saed32hvt_ss0p75v125c (File: /usr/local/synopsys/SAED32_EDK/lib/stdcell_hvt/db_nldm/saed32hvt_ss0p75v125c.db)

Number of ports:                          199
Number of nets:                          1834
Number of cells:                         1665
Number of combinational cells:           1462
Number of sequential cells:               195
Number of macros/black boxes:               0
Number of buf/inv:                        232
Number of references:                      69

Combinational area:               3181.628754
Buf/Inv area:                      332.674500
Noncombinational area:            1291.813993
Macro/Black Box area:                0.000000
Net Interconnect area:            1133.778070

Total cell area:                  4473.442747
Total area:                       5607.220817
1
