 
****************************************
Report : qor
Design : HDL_Complex_Multiplier
Version: P-2019.03-SP3
Date   : Tue Feb 23 13:27:50 2021
****************************************


  Timing Path Group 'clk'
  -----------------------------------
  Levels of Logic:              17.00
  Critical Path Length:          4.25
  Critical Path Slack:           0.00
  Critical Path Clk Period:      5.50
  Total Negative Slack:          0.00
  No. of Violating Paths:        0.00
  Worst Hold Violation:          0.00
  Total Hold Violation:          0.00
  No. of Hold Violations:        0.00
  -----------------------------------


  Cell Count
  -----------------------------------
  Hierarchical Cell Count:          0
  Hierarchical Port Count:          0
  Leaf Cell Count:               1245
  Buf/Inv Cell Count:             134
  Buf Cell Count:                   2
  Inv Cell Count:                 132
  CT Buf/Inv Cell Count:            0
  Combinational Cell Count:      1050
  Sequential Cell Count:          195
  Macro Count:                      0
  -----------------------------------


  Area
  -----------------------------------
  Combinational Area:     2485.274152
  Noncombinational Area:  1289.018410
  Buf/Inv Area:            179.171521
  Total Buffer Area:             5.08
  Total Inverter Area:         174.09
  Macro/Black Box Area:      0.000000
  Net Area:                907.690846
  -----------------------------------
  Cell Area:              3774.292562
  Design Area:            4681.983409


  Design Rules
  -----------------------------------
  Total Number of Nets:          1389
  Nets With Violations:             1
  Max Trans Violations:             1
  Max Cap Violations:               0
  -----------------------------------


  Hostname: rhel77vdi012

  Compile CPU Statistics
  -----------------------------------------
  Resource Sharing:                    0.32
  Logic Optimization:                  1.30
  Mapping Optimization:                3.55
  -----------------------------------------
  Overall Compile Time:               29.98
  Overall Compile Wall Clock Time:    31.39

  --------------------------------------------------------------------

  Design  WNS: 0.00  TNS: 0.00  Number of Violating Paths: 0


  Design (Hold)  WNS: 0.00  TNS: 0.00  Number of Violating Paths: 0

  --------------------------------------------------------------------


1
