 
****************************************
Report : area
Design : HDL_Complex_Multiplier
Version: P-2019.03-SP3
Date   : Tue Feb 23 13:04:48 2021
****************************************

Information: Updating design information... (UID-85)
Library(s) Used:

    saed32rvt_ss0p75v125c (File: /usr/local/synopsys/SAED32_EDK/lib/stdcell_rvt/db_nldm/saed32rvt_ss0p75v125c.db)

Number of ports:                          199
Number of nets:                          1357
Number of cells:                         1209
Number of combinational cells:           1008
Number of sequential cells:               195
Number of macros/black boxes:               0
Number of buf/inv:                        128
Number of references:                      21

Combinational area:               2388.953578
Buf/Inv area:                      169.259905
Noncombinational area:            1290.034986
Macro/Black Box area:                0.000000
Net Interconnect area:             794.624776

Total cell area:                  3678.988564
Total area:                       4473.613340
1
