 
****************************************
Report : area
Design : HDL_Complex_Multiplier
Version: P-2019.03-SP3
Date   : Tue Feb 23 13:00:09 2021
****************************************

Information: Updating design information... (UID-85)
Library(s) Used:

    saed32rvt_ss0p75v125c (File: /usr/local/synopsys/SAED32_EDK/lib/stdcell_rvt/db_nldm/saed32rvt_ss0p75v125c.db)

Number of ports:                          199
Number of nets:                          2079
Number of cells:                         1837
Number of combinational cells:           1632
Number of sequential cells:               195
Number of macros/black boxes:               0
Number of buf/inv:                        259
Number of references:                      39

Combinational area:               3354.446671
Buf/Inv area:                      374.608258
Noncombinational area:            1291.559850
Macro/Black Box area:                0.000000
Net Interconnect area:            1112.457075

Total cell area:                  4646.006521
Total area:                       5758.463596
1
