 
****************************************
Report : qor
Design : HDL_Complex_Multiplier
Version: P-2019.03-SP3
Date   : Tue Feb 23 12:55:29 2021
****************************************


  Timing Path Group 'clk'
  -----------------------------------
  Levels of Logic:              16.00
  Critical Path Length:          2.01
  Critical Path Slack:          -0.94
  Critical Path Clk Period:      1.21
  Total Negative Slack:        -55.60
  No. of Violating Paths:       64.00
  Worst Hold Violation:          0.00
  Total Hold Violation:          0.00
  No. of Hold Violations:        0.00
  -----------------------------------


  Cell Count
  -----------------------------------
  Hierarchical Cell Count:          0
  Hierarchical Port Count:          0
  Leaf Cell Count:               1743
  Buf/Inv Cell Count:             252
  Buf Cell Count:                  19
  Inv Cell Count:                 233
  CT Buf/Inv Cell Count:            0
  Combinational Cell Count:      1548
  Sequential Cell Count:          195
  Macro Count:                      0
  -----------------------------------


  Area
  -----------------------------------
  Combinational Area:     3209.076301
  Noncombinational Area:  1290.034986
  Buf/Inv Area:            357.834754
  Total Buffer Area:            57.69
  Total Inverter Area:         300.14
  Macro/Black Box Area:      0.000000
  Net Area:               1102.884104
  -----------------------------------
  Cell Area:              4499.111287
  Design Area:            5601.995391


  Design Rules
  -----------------------------------
  Total Number of Nets:          1987
  Nets With Violations:             0
  Max Trans Violations:             0
  Max Cap Violations:               0
  -----------------------------------


  Hostname: rhel77vdi012

  Compile CPU Statistics
  -----------------------------------------
  Resource Sharing:                    0.30
  Logic Optimization:                  3.41
  Mapping Optimization:               52.05
  -----------------------------------------
  Overall Compile Time:               64.26
  Overall Compile Wall Clock Time:    65.21

  --------------------------------------------------------------------

  Design  WNS: 0.94  TNS: 55.60  Number of Violating Paths: 64


  Design (Hold)  WNS: 0.00  TNS: 0.00  Number of Violating Paths: 0

  --------------------------------------------------------------------


1
