 
****************************************
Report : area
Design : HDL_Complex_Multiplier
Version: P-2019.03-SP3
Date   : Tue Feb 23 13:03:50 2021
****************************************

Information: Updating design information... (UID-85)
Library(s) Used:

    saed32rvt_ss0p75v125c (File: /usr/local/synopsys/SAED32_EDK/lib/stdcell_rvt/db_nldm/saed32rvt_ss0p75v125c.db)

Number of ports:                          199
Number of nets:                          2062
Number of cells:                         1827
Number of combinational cells:           1624
Number of sequential cells:               195
Number of macros/black boxes:               0
Number of buf/inv:                        262
Number of references:                      37

Combinational area:               3317.849939
Buf/Inv area:                      374.862402
Noncombinational area:            1290.543274
Macro/Black Box area:                0.000000
Net Interconnect area:            1090.609497

Total cell area:                  4608.393212
Total area:                       5699.002709
1
