 
****************************************
Report : area
Design : HDL_Complex_Multiplier
Version: P-2019.03-SP3
Date   : Tue Feb 23 12:57:58 2021
****************************************

Information: Updating design information... (UID-85)
Library(s) Used:

    saed32rvt_ss0p75v125c (File: /usr/local/synopsys/SAED32_EDK/lib/stdcell_rvt/db_nldm/saed32rvt_ss0p75v125c.db)

Number of ports:                          199
Number of nets:                          1997
Number of cells:                         1754
Number of combinational cells:           1549
Number of sequential cells:               195
Number of macros/black boxes:               0
Number of buf/inv:                        248
Number of references:                      37

Combinational area:               3211.617740
Buf/Inv area:                      344.619267
Noncombinational area:            1291.051562
Macro/Black Box area:                0.000000
Net Interconnect area:            1077.882437

Total cell area:                  4502.669301
Total area:                       5580.551739
1
