 
****************************************
Report : power
        -analysis_effort low
Design : HDL_Complex_Multiplier
Version: P-2019.03-SP3
Date   : Tue Feb 23 13:05:24 2021
****************************************


Library(s) Used:

    saed32rvt_ss0p75v125c (File: /usr/local/synopsys/SAED32_EDK/lib/stdcell_rvt/db_nldm/saed32rvt_ss0p75v125c.db)


Operating Conditions: ss0p75v125c   Library: saed32rvt_ss0p75v125c
Wire Load Model Mode: enclosed

Design        Wire Load Model            Library
------------------------------------------------
HDL_Complex_Multiplier 8000              saed32rvt_ss0p75v125c


Global Operating Voltage = 0.75 
Power-specific unit information :
    Voltage Units = 1V
    Capacitance Units = 1.000000ff
    Time Units = 1ns
    Dynamic Power Units = 1uW    (derived from V,C,T units)
    Leakage Power Units = 1pW


  Cell Internal Power  = 690.0295 nW   (97%)
  Net Switching Power  =  23.5827 nW    (3%)
                         ---------
Total Dynamic Power    = 713.6122 nW  (100%)

Cell Leakage Power     =  52.5824 uW


                 Internal         Switching           Leakage            Total
Power Group      Power            Power               Power              Power   (   %    )  Attrs
--------------------------------------------------------------------------------------------------
io_pad             0.0000            0.0000            0.0000            0.0000  (   0.00%)
memory             0.0000            0.0000            0.0000            0.0000  (   0.00%)
black_box          0.0000            0.0000            0.0000            0.0000  (   0.00%)
clock_network      0.0000            0.0000            0.0000            0.0000  (   0.00%)
register           0.6524        5.6427e-03        3.3914e+07           34.5715  (  64.87%)
sequential         0.0000            0.0000            0.0000            0.0000  (   0.00%)
combinational  3.7656e-02        1.7940e-02        1.8669e+07           18.7245  (  35.13%)
--------------------------------------------------------------------------------------------------
Total              0.6900 uW     2.3583e-02 uW     5.2582e+07 pW        53.2960 uW
1
