 
****************************************
Report : qor
Design : HDL_Complex_Multiplier
Version: P-2019.03-SP3
Date   : Tue Feb 23 13:05:01 2021
****************************************


  Timing Path Group 'clk'
  -----------------------------------
  Levels of Logic:              47.00
  Critical Path Length:          8.89
  Critical Path Slack:           1.95
  Critical Path Clk Period:     11.00
  Total Negative Slack:          0.00
  No. of Violating Paths:        0.00
  Worst Hold Violation:          0.00
  Total Hold Violation:          0.00
  No. of Hold Violations:        0.00
  -----------------------------------


  Cell Count
  -----------------------------------
  Hierarchical Cell Count:          0
  Hierarchical Port Count:          0
  Leaf Cell Count:               1009
  Buf/Inv Cell Count:              76
  Buf Cell Count:                   7
  Inv Cell Count:                  69
  CT Buf/Inv Cell Count:            0
  Combinational Cell Count:       814
  Sequential Cell Count:          195
  Macro Count:                      0
  -----------------------------------


  Area
  -----------------------------------
  Combinational Area:     2008.245869
  Noncombinational Area:  1290.034986
  Buf/Inv Area:            103.182465
  Total Buffer Area:            15.25
  Total Inverter Area:          87.93
  Macro/Black Box Area:      0.000000
  Net Area:                740.884088
  -----------------------------------
  Cell Area:              3298.280855
  Design Area:            4039.164944


  Design Rules
  -----------------------------------
  Total Number of Nets:          1187
  Nets With Violations:             0
  Max Trans Violations:             0
  Max Cap Violations:               0
  -----------------------------------


  Hostname: rhel77vdi012

  Compile CPU Statistics
  -----------------------------------------
  Resource Sharing:                    0.31
  Logic Optimization:                  1.09
  Mapping Optimization:                1.51
  -----------------------------------------
  Overall Compile Time:               10.24
  Overall Compile Wall Clock Time:    10.95

  --------------------------------------------------------------------

  Design  WNS: 0.00  TNS: 0.00  Number of Violating Paths: 0


  Design (Hold)  WNS: 0.00  TNS: 0.00  Number of Violating Paths: 0

  --------------------------------------------------------------------


1
