 
****************************************
Report : qor
Design : HDL_Complex_Multiplier
Version: P-2019.03-SP3
Date   : Tue Feb 23 13:05:12 2021
****************************************


  Timing Path Group 'clk'
  -----------------------------------
  Levels of Logic:              70.00
  Critical Path Length:         12.95
  Critical Path Slack:          96.90
  Critical Path Clk Period:    110.00
  Total Negative Slack:          0.00
  No. of Violating Paths:        0.00
  Worst Hold Violation:          0.00
  Total Hold Violation:          0.00
  No. of Hold Violations:        0.00
  -----------------------------------


  Cell Count
  -----------------------------------
  Hierarchical Cell Count:          0
  Hierarchical Port Count:          0
  Leaf Cell Count:                695
  Buf/Inv Cell Count:              39
  Buf Cell Count:                  19
  Inv Cell Count:                  20
  CT Buf/Inv Cell Count:            0
  Combinational Cell Count:       500
  Sequential Cell Count:          195
  Macro Count:                      0
  -----------------------------------


  Area
  -----------------------------------
  Combinational Area:     1456.245116
  Noncombinational Area:  1290.034986
  Buf/Inv Area:             64.044290
  Total Buffer Area:            38.63
  Total Inverter Area:          25.41
  Macro/Black Box Area:      0.000000
  Net Area:                800.829897
  -----------------------------------
  Cell Area:              2746.280102
  Design Area:            3547.109999


  Design Rules
  -----------------------------------
  Total Number of Nets:           964
  Nets With Violations:             0
  Max Trans Violations:             0
  Max Cap Violations:               0
  -----------------------------------


  Hostname: rhel77vdi012

  Compile CPU Statistics
  -----------------------------------------
  Resource Sharing:                    0.33
  Logic Optimization:                  0.28
  Mapping Optimization:                1.34
  -----------------------------------------
  Overall Compile Time:                9.37
  Overall Compile Wall Clock Time:     9.89

  --------------------------------------------------------------------

  Design  WNS: 0.00  TNS: 0.00  Number of Violating Paths: 0


  Design (Hold)  WNS: 0.00  TNS: 0.00  Number of Violating Paths: 0

  --------------------------------------------------------------------


1
