 
****************************************
Report : area
Design : HDL_Complex_Multiplier
Version: P-2019.03-SP3
Date   : Tue Feb 23 13:01:49 2021
****************************************

Information: Updating design information... (UID-85)
Library(s) Used:

    saed32rvt_ss0p75v125c (File: /usr/local/synopsys/SAED32_EDK/lib/stdcell_rvt/db_nldm/saed32rvt_ss0p75v125c.db)

Number of ports:                          199
Number of nets:                          2073
Number of cells:                         1837
Number of combinational cells:           1634
Number of sequential cells:               195
Number of macros/black boxes:               0
Number of buf/inv:                        282
Number of references:                      41

Combinational area:               3351.142799
Buf/Inv area:                      408.155267
Noncombinational area:            1291.051562
Macro/Black Box area:                0.000000
Net Interconnect area:            1085.986417

Total cell area:                  4642.194361
Total area:                       5728.180778
1
