 
****************************************
Report : area
Design : HDL_Complex_Multiplier
Version: P-2019.03-SP3
Date   : Tue Feb 23 12:40:55 2021
****************************************

Information: Updating design information... (UID-85)
Library(s) Used:

    saed32hvt_ss0p95v125c (File: /usr/local/synopsys/SAED32_EDK/lib/stdcell_hvt/db_nldm/saed32hvt_ss0p95v125c.db)
    saed32rvt_ss0p95v125c (File: /usr/local/synopsys/SAED32_EDK/lib/stdcell_rvt/db_nldm/saed32rvt_ss0p95v125c.db)
    saed32lvt_ss0p95v125c (File: /usr/local/synopsys/SAED32_EDK/lib/stdcell_lvt/db_nldm/saed32lvt_ss0p95v125c.db)

Number of ports:                          199
Number of nets:                          1815
Number of cells:                         1588
Number of combinational cells:           1387
Number of sequential cells:               195
Number of macros/black boxes:               0
Number of buf/inv:                        199
Number of references:                      51

Combinational area:               3043.120250
Buf/Inv area:                      262.276609
Noncombinational area:            1291.305705
Macro/Black Box area:                0.000000
Net Interconnect area:            1085.096898

Total cell area:                  4334.425956
Total area:                       5419.522853
1
