 
****************************************
Report : power
        -analysis_effort low
Design : HDL_Complex_Multiplier
Version: P-2019.03-SP3
Date   : Tue Feb 23 12:47:51 2021
****************************************


Library(s) Used:

    saed32hvt_ss0p95v125c (File: /usr/local/synopsys/SAED32_EDK/lib/stdcell_hvt/db_nldm/saed32hvt_ss0p95v125c.db)


Operating Conditions: ss0p95v125c   Library: saed32rvt_ss0p95v125c
Wire Load Model Mode: enclosed

Design        Wire Load Model            Library
------------------------------------------------
HDL_Complex_Multiplier 8000              saed32rvt_ss0p95v125c


Global Operating Voltage = 0.95 
Power-specific unit information :
    Voltage Units = 1V
    Capacitance Units = 1.000000ff
    Time Units = 1ns
    Dynamic Power Units = 1uW    (derived from V,C,T units)
    Leakage Power Units = 1pW


  Cell Internal Power  =  11.3536 uW   (97%)
  Net Switching Power  = 369.6893 nW    (3%)
                         ---------
Total Dynamic Power    =  11.7233 uW  (100%)

Cell Leakage Power     =  46.1728 uW


                 Internal         Switching           Leakage            Total
Power Group      Power            Power               Power              Power   (   %    )  Attrs
--------------------------------------------------------------------------------------------------
io_pad             0.0000            0.0000            0.0000            0.0000  (   0.00%)
memory             0.0000            0.0000            0.0000            0.0000  (   0.00%)
black_box          0.0000            0.0000            0.0000            0.0000  (   0.00%)
clock_network      0.0000            0.0000            0.0000            0.0000  (   0.00%)
register          10.8244        9.1371e-02        2.7524e+07           38.4395  (  66.39%)
sequential         0.0000            0.0000            0.0000            0.0000  (   0.00%)
combinational      0.5292            0.2783        1.8649e+07           19.4566  (  33.61%)
--------------------------------------------------------------------------------------------------
Total             11.3536 uW         0.3697 uW     4.6173e+07 pW        57.8961 uW
1
