 
****************************************
Report : area
Design : HDL_Complex_Multiplier
Version: P-2019.03-SP3
Date   : Tue Feb 23 12:45:59 2021
****************************************

Information: Updating design information... (UID-85)
Library(s) Used:

    saed32hvt_ss0p95v125c (File: /usr/local/synopsys/SAED32_EDK/lib/stdcell_hvt/db_nldm/saed32hvt_ss0p95v125c.db)
    saed32rvt_ss0p95v125c (File: /usr/local/synopsys/SAED32_EDK/lib/stdcell_rvt/db_nldm/saed32rvt_ss0p95v125c.db)

Number of ports:                          199
Number of nets:                          1439
Number of cells:                         1300
Number of combinational cells:           1105
Number of sequential cells:               195
Number of macros/black boxes:               0
Number of buf/inv:                        153
Number of references:                      25

Combinational area:               2586.423464
Buf/Inv area:                      202.806913
Noncombinational area:            1288.510122
Macro/Black Box area:                0.000000
Net Interconnect area:             931.999346

Total cell area:                  3874.933586
Total area:                       4806.932933
1
