 
****************************************
Report : qor
Design : HDL_Complex_Multiplier
Version: P-2019.03-SP3
Date   : Tue Feb 23 12:42:57 2021
****************************************


  Timing Path Group 'clk'
  -----------------------------------
  Levels of Logic:              15.00
  Critical Path Length:          1.33
  Critical Path Slack:           0.01
  Critical Path Clk Period:      1.43
  Total Negative Slack:          0.00
  No. of Violating Paths:        0.00
  Worst Hold Violation:          0.00
  Total Hold Violation:          0.00
  No. of Hold Violations:        0.00
  -----------------------------------


  Cell Count
  -----------------------------------
  Hierarchical Cell Count:          0
  Hierarchical Port Count:          0
  Leaf Cell Count:               1580
  Buf/Inv Cell Count:             207
  Buf Cell Count:                   2
  Inv Cell Count:                 205
  CT Buf/Inv Cell Count:            0
  Combinational Cell Count:      1385
  Sequential Cell Count:          195
  Macro Count:                      0
  -----------------------------------


  Area
  -----------------------------------
  Combinational Area:     3052.777724
  Noncombinational Area:  1289.272554
  Buf/Inv Area:            273.967233
  Total Buffer Area:             7.62
  Total Inverter Area:         266.34
  Macro/Black Box Area:      0.000000
  Net Area:               1093.376559
  -----------------------------------
  Cell Area:              4342.050278
  Design Area:            5435.426836


  Design Rules
  -----------------------------------
  Total Number of Nets:          1817
  Nets With Violations:             0
  Max Trans Violations:             0
  Max Cap Violations:               0
  -----------------------------------


  Hostname: rhel77vdi012

  Compile CPU Statistics
  -----------------------------------------
  Resource Sharing:                    0.32
  Logic Optimization:                  5.38
  Mapping Optimization:               24.83
  -----------------------------------------
  Overall Compile Time:               56.08
  Overall Compile Wall Clock Time:    57.64

  --------------------------------------------------------------------

  Design  WNS: 0.00  TNS: 0.00  Number of Violating Paths: 0


  Design (Hold)  WNS: 0.00  TNS: 0.00  Number of Violating Paths: 0

  --------------------------------------------------------------------


1
