 
****************************************
Report : qor
Design : HDL_Complex_Multiplier
Version: P-2019.03-SP3
Date   : Tue Feb 23 12:38:54 2021
****************************************


  Timing Path Group 'clk'
  -----------------------------------
  Levels of Logic:              15.00
  Critical Path Length:          1.12
  Critical Path Slack:           0.00
  Critical Path Clk Period:      1.21
  Total Negative Slack:          0.00
  No. of Violating Paths:        0.00
  Worst Hold Violation:          0.00
  Total Hold Violation:          0.00
  No. of Hold Violations:        0.00
  -----------------------------------


  Cell Count
  -----------------------------------
  Hierarchical Cell Count:          0
  Hierarchical Port Count:          0
  Leaf Cell Count:               1595
  Buf/Inv Cell Count:             196
  Buf Cell Count:                   1
  Inv Cell Count:                 195
  CT Buf/Inv Cell Count:            0
  Combinational Cell Count:      1400
  Sequential Cell Count:          195
  Macro Count:                      0
  -----------------------------------


  Area
  -----------------------------------
  Combinational Area:     3028.888187
  Noncombinational Area:  1291.051561
  Buf/Inv Area:            258.972737
  Total Buffer Area:             6.10
  Total Inverter Area:         252.87
  Macro/Black Box Area:      0.000000
  Net Area:               1087.233193
  -----------------------------------
  Cell Area:              4319.939749
  Design Area:            5407.172942


  Design Rules
  -----------------------------------
  Total Number of Nets:          1848
  Nets With Violations:             0
  Max Trans Violations:             0
  Max Cap Violations:               0
  -----------------------------------


  Hostname: rhel77vdi012

  Compile CPU Statistics
  -----------------------------------------
  Resource Sharing:                    0.33
  Logic Optimization:                  5.45
  Mapping Optimization:               29.59
  -----------------------------------------
  Overall Compile Time:               60.40
  Overall Compile Wall Clock Time:    62.34

  --------------------------------------------------------------------

  Design  WNS: 0.00  TNS: 0.00  Number of Violating Paths: 0


  Design (Hold)  WNS: 0.00  TNS: 0.00  Number of Violating Paths: 0

  --------------------------------------------------------------------


1
