 
****************************************
Report : qor
Design : HDL_Complex_Multiplier
Version: P-2019.03-SP3
Date   : Tue Feb 23 12:43:53 2021
****************************************


  Timing Path Group 'clk'
  -----------------------------------
  Levels of Logic:              14.00
  Critical Path Length:          1.45
  Critical Path Slack:           0.00
  Critical Path Clk Period:      1.54
  Total Negative Slack:          0.00
  No. of Violating Paths:        0.00
  Worst Hold Violation:          0.00
  Total Hold Violation:          0.00
  No. of Hold Violations:        0.00
  -----------------------------------


  Cell Count
  -----------------------------------
  Hierarchical Cell Count:          0
  Hierarchical Port Count:          0
  Leaf Cell Count:               1456
  Buf/Inv Cell Count:             142
  Buf Cell Count:                   4
  Inv Cell Count:                 138
  CT Buf/Inv Cell Count:            0
  Combinational Cell Count:      1261
  Sequential Cell Count:          195
  Macro Count:                      0
  -----------------------------------


  Area
  -----------------------------------
  Combinational Area:     2956.202994
  Noncombinational Area:  1290.034986
  Buf/Inv Area:            190.353857
  Total Buffer Area:            12.20
  Total Inverter Area:         178.15
  Macro/Black Box Area:      0.000000
  Net Area:               1084.905139
  -----------------------------------
  Cell Area:              4246.237980
  Design Area:            5331.143119


  Design Rules
  -----------------------------------
  Total Number of Nets:          1623
  Nets With Violations:             0
  Max Trans Violations:             0
  Max Cap Violations:               0
  -----------------------------------


  Hostname: rhel77vdi012

  Compile CPU Statistics
  -----------------------------------------
  Resource Sharing:                    0.31
  Logic Optimization:                  4.91
  Mapping Optimization:               21.15
  -----------------------------------------
  Overall Compile Time:               52.27
  Overall Compile Wall Clock Time:    53.58

  --------------------------------------------------------------------

  Design  WNS: 0.00  TNS: 0.00  Number of Violating Paths: 0


  Design (Hold)  WNS: 0.00  TNS: 0.00  Number of Violating Paths: 0

  --------------------------------------------------------------------


1
