 
****************************************
Report : qor
Design : HDL_Complex_Multiplier
Version: P-2019.03-SP3
Date   : Tue Feb 23 12:47:51 2021
****************************************


  Timing Path Group 'clk'
  -----------------------------------
  Levels of Logic:              70.00
  Critical Path Length:         10.13
  Critical Path Slack:          99.78
  Critical Path Clk Period:    110.00
  Total Negative Slack:          0.00
  No. of Violating Paths:        0.00
  Worst Hold Violation:          0.00
  Total Hold Violation:          0.00
  No. of Hold Violations:        0.00
  -----------------------------------


  Cell Count
  -----------------------------------
  Hierarchical Cell Count:          0
  Hierarchical Port Count:          0
  Leaf Cell Count:                684
  Buf/Inv Cell Count:              29
  Buf Cell Count:                  20
  Inv Cell Count:                   9
  CT Buf/Inv Cell Count:            0
  Combinational Cell Count:       489
  Sequential Cell Count:          195
  Macro Count:                      0
  -----------------------------------


  Area
  -----------------------------------
  Combinational Area:     1443.792060
  Noncombinational Area:  1288.510122
  Buf/Inv Area:             52.099522
  Total Buffer Area:            40.66
  Total Inverter Area:          11.44
  Macro/Black Box Area:      0.000000
  Net Area:                802.407801
  -----------------------------------
  Cell Area:              2732.302182
  Design Area:            3534.709983


  Design Rules
  -----------------------------------
  Total Number of Nets:           947
  Nets With Violations:             0
  Max Trans Violations:             0
  Max Cap Violations:               0
  -----------------------------------


  Hostname: rhel77vdi012

  Compile CPU Statistics
  -----------------------------------------
  Resource Sharing:                    0.31
  Logic Optimization:                  1.22
  Mapping Optimization:                7.60
  -----------------------------------------
  Overall Compile Time:               32.61
  Overall Compile Wall Clock Time:    33.99

  --------------------------------------------------------------------

  Design  WNS: 0.00  TNS: 0.00  Number of Violating Paths: 0


  Design (Hold)  WNS: 0.00  TNS: 0.00  Number of Violating Paths: 0

  --------------------------------------------------------------------


1
