 
****************************************
Report : area
Design : HDL_Complex_Multiplier
Version: P-2019.03-SP3
Date   : Tue Feb 23 12:45:21 2021
****************************************

Information: Updating design information... (UID-85)
Library(s) Used:

    saed32hvt_ss0p95v125c (File: /usr/local/synopsys/SAED32_EDK/lib/stdcell_hvt/db_nldm/saed32hvt_ss0p95v125c.db)
    saed32rvt_ss0p95v125c (File: /usr/local/synopsys/SAED32_EDK/lib/stdcell_rvt/db_nldm/saed32rvt_ss0p95v125c.db)

Number of ports:                          199
Number of nets:                          1563
Number of cells:                         1425
Number of combinational cells:           1230
Number of sequential cells:               195
Number of macros/black boxes:               0
Number of buf/inv:                        146
Number of references:                      27

Combinational area:               2924.689122
Buf/Inv area:                      195.945025
Noncombinational area:            1288.510122
Macro/Black Box area:                0.000000
Net Interconnect area:            1013.985007

Total cell area:                  4213.199244
Total area:                       5227.184251
1
