 
****************************************
Report : power
        -analysis_effort low
Design : HDL_Complex_Multiplier
Version: P-2019.03-SP3
Date   : Tue Feb 23 12:45:21 2021
****************************************


Library(s) Used:

    saed32hvt_ss0p95v125c (File: /usr/local/synopsys/SAED32_EDK/lib/stdcell_hvt/db_nldm/saed32hvt_ss0p95v125c.db)
    saed32rvt_ss0p95v125c (File: /usr/local/synopsys/SAED32_EDK/lib/stdcell_rvt/db_nldm/saed32rvt_ss0p95v125c.db)


Operating Conditions: ss0p95v125c   Library: saed32rvt_ss0p95v125c
Wire Load Model Mode: enclosed

Design        Wire Load Model            Library
------------------------------------------------
HDL_Complex_Multiplier 8000              saed32rvt_ss0p95v125c


Global Operating Voltage = 0.95 
Power-specific unit information :
    Voltage Units = 1V
    Capacitance Units = 1.000000ff
    Time Units = 1ns
    Dynamic Power Units = 1uW    (derived from V,C,T units)
    Leakage Power Units = 1pW


  Cell Internal Power  = 664.5679 uW   (96%)
  Net Switching Power  =  28.2020 uW    (4%)
                         ---------
Total Dynamic Power    = 692.7699 uW  (100%)

Cell Leakage Power     =  56.6710 uW


                 Internal         Switching           Leakage            Total
Power Group      Power            Power               Power              Power   (   %    )  Attrs
--------------------------------------------------------------------------------------------------
io_pad             0.0000            0.0000            0.0000            0.0000  (   0.00%)
memory             0.0000            0.0000            0.0000            0.0000  (   0.00%)
black_box          0.0000            0.0000            0.0000            0.0000  (   0.00%)
clock_network      0.0000            0.0000            0.0000            0.0000  (   0.00%)
register         614.6342            4.2349        2.7513e+07          646.3822  (  86.25%)
sequential         0.0000            0.0000            0.0000            0.0000  (   0.00%)
combinational     49.9339           23.9671        2.9158e+07          103.0588  (  13.75%)
--------------------------------------------------------------------------------------------------
Total            664.5681 uW        28.2020 uW     5.6671e+07 pW       749.4410 uW
1
