 
****************************************
Report : area
Design : HDL_Complex_Multiplier
Version: P-2019.03-SP3
Date   : Tue Feb 23 12:38:54 2021
****************************************

Information: Updating design information... (UID-85)
Library(s) Used:

    saed32hvt_ss0p95v125c (File: /usr/local/synopsys/SAED32_EDK/lib/stdcell_hvt/db_nldm/saed32hvt_ss0p95v125c.db)
    saed32rvt_ss0p95v125c (File: /usr/local/synopsys/SAED32_EDK/lib/stdcell_rvt/db_nldm/saed32rvt_ss0p95v125c.db)
    saed32lvt_ss0p95v125c (File: /usr/local/synopsys/SAED32_EDK/lib/stdcell_lvt/db_nldm/saed32lvt_ss0p95v125c.db)

Number of ports:                          199
Number of nets:                          1848
Number of cells:                         1601
Number of combinational cells:           1400
Number of sequential cells:               195
Number of macros/black boxes:               0
Number of buf/inv:                        196
Number of references:                      63

Combinational area:               3028.888187
Buf/Inv area:                      258.972737
Noncombinational area:            1291.051561
Macro/Black Box area:                0.000000
Net Interconnect area:            1087.233193

Total cell area:                  4319.939749
Total area:                       5407.172942
1
