 
****************************************
Report : power
        -analysis_effort low
Design : HDL_Complex_Multiplier
Version: P-2019.03-SP3
Date   : Tue Feb 23 12:44:40 2021
****************************************


Library(s) Used:

    saed32hvt_ss0p95v125c (File: /usr/local/synopsys/SAED32_EDK/lib/stdcell_hvt/db_nldm/saed32hvt_ss0p95v125c.db)
    saed32rvt_ss0p95v125c (File: /usr/local/synopsys/SAED32_EDK/lib/stdcell_rvt/db_nldm/saed32rvt_ss0p95v125c.db)


Operating Conditions: ss0p95v125c   Library: saed32rvt_ss0p95v125c
Wire Load Model Mode: enclosed

Design        Wire Load Model            Library
------------------------------------------------
HDL_Complex_Multiplier 8000              saed32rvt_ss0p95v125c


Global Operating Voltage = 0.95 
Power-specific unit information :
    Voltage Units = 1V
    Capacitance Units = 1.000000ff
    Time Units = 1ns
    Dynamic Power Units = 1uW    (derived from V,C,T units)
    Leakage Power Units = 1pW


  Cell Internal Power  = 776.5513 uW   (96%)
  Net Switching Power  =  33.0756 uW    (4%)
                         ---------
Total Dynamic Power    = 809.6268 uW  (100%)

Cell Leakage Power     =  61.3071 uW


                 Internal         Switching           Leakage            Total
Power Group      Power            Power               Power              Power   (   %    )  Attrs
--------------------------------------------------------------------------------------------------
io_pad             0.0000            0.0000            0.0000            0.0000  (   0.00%)
memory             0.0000            0.0000            0.0000            0.0000  (   0.00%)
black_box          0.0000            0.0000            0.0000            0.0000  (   0.00%)
clock_network      0.0000            0.0000            0.0000            0.0000  (   0.00%)
register         717.5068            4.9855        2.7527e+07          750.0195  (  86.12%)
sequential         0.0000            0.0000            0.0000            0.0000  (   0.00%)
combinational     59.0448           28.0900        3.3780e+07          120.9145  (  13.88%)
--------------------------------------------------------------------------------------------------
Total            776.5516 uW        33.0756 uW     6.1307e+07 pW       870.9340 uW
1
