 
****************************************
Report : area
Design : HDL_Complex_Multiplier
Version: P-2019.03-SP3
Date   : Tue Feb 23 14:11:30 2021
****************************************

Information: Updating design information... (UID-85)
Library(s) Used:

    saed32hvt_ss0p7v125c (File: /usr/local/synopsys/SAED32_EDK/lib/stdcell_hvt/db_nldm/saed32hvt_ss0p7v125c.db)
    saed32rvt_ss0p7v125c (File: /usr/local/synopsys/SAED32_EDK/lib/stdcell_rvt/db_nldm/saed32rvt_ss0p7v125c.db)

Number of ports:                          199
Number of nets:                          1374
Number of cells:                         1231
Number of combinational cells:           1036
Number of sequential cells:               195
Number of macros/black boxes:               0
Number of buf/inv:                        128
Number of references:                      30

Combinational area:               2453.506153
Buf/Inv area:                      170.530625
Noncombinational area:            1288.510122
Macro/Black Box area:                0.000000
Net Interconnect area:             877.422063

Total cell area:                  3742.016276
Total area:                       4619.438339
1
