 
****************************************
Report : power
        -analysis_effort low
Design : HDL_Complex_Multiplier
Version: P-2019.03-SP3
Date   : Tue Feb 23 14:08:40 2021
****************************************


Library(s) Used:

    saed32lvt_ss0p7v125c (File: /usr/local/synopsys/SAED32_EDK/lib/stdcell_lvt/db_nldm/saed32lvt_ss0p7v125c.db)
    saed32rvt_ss0p7v125c (File: /usr/local/synopsys/SAED32_EDK/lib/stdcell_rvt/db_nldm/saed32rvt_ss0p7v125c.db)
    saed32hvt_ss0p7v125c (File: /usr/local/synopsys/SAED32_EDK/lib/stdcell_hvt/db_nldm/saed32hvt_ss0p7v125c.db)


Operating Conditions: ss0p7v125c   Library: saed32rvt_ss0p7v125c
Wire Load Model Mode: enclosed

Design        Wire Load Model            Library
------------------------------------------------
HDL_Complex_Multiplier 8000              saed32rvt_ss0p7v125c


Global Operating Voltage = 0.7  
Power-specific unit information :
    Voltage Units = 1V
    Capacitance Units = 1.000000ff
    Time Units = 1ns
    Dynamic Power Units = 1uW    (derived from V,C,T units)
    Leakage Power Units = 1pW


  Cell Internal Power  = 401.3529 uW   (95%)
  Net Switching Power  =  19.9539 uW    (5%)
                         ---------
Total Dynamic Power    = 421.3067 uW  (100%)

Cell Leakage Power     = 260.0716 uW


                 Internal         Switching           Leakage            Total
Power Group      Power            Power               Power              Power   (   %    )  Attrs
--------------------------------------------------------------------------------------------------
io_pad             0.0000            0.0000            0.0000            0.0000  (   0.00%)
memory             0.0000            0.0000            0.0000            0.0000  (   0.00%)
black_box          0.0000            0.0000            0.0000            0.0000  (   0.00%)
clock_network      0.0000            0.0000            0.0000            0.0000  (   0.00%)
register         364.2480            2.9286        1.0007e+08          467.2481  (  68.57%)
sequential         0.0000            0.0000            0.0000            0.0000  (   0.00%)
combinational     37.1047           17.0253        1.6000e+08          214.1302  (  31.43%)
--------------------------------------------------------------------------------------------------
Total            401.3528 uW        19.9539 uW     2.6007e+08 pW       681.3784 uW
1
