 
****************************************
Report : area
Design : HDL_Complex_Multiplier
Version: P-2019.03-SP3
Date   : Tue Feb 23 14:03:40 2021
****************************************

Information: Updating design information... (UID-85)
Library(s) Used:

    saed32lvt_ss0p7v125c (File: /usr/local/synopsys/SAED32_EDK/lib/stdcell_lvt/db_nldm/saed32lvt_ss0p7v125c.db)
    saed32rvt_ss0p7v125c (File: /usr/local/synopsys/SAED32_EDK/lib/stdcell_rvt/db_nldm/saed32rvt_ss0p7v125c.db)
    saed32hvt_ss0p7v125c (File: /usr/local/synopsys/SAED32_EDK/lib/stdcell_hvt/db_nldm/saed32hvt_ss0p7v125c.db)

Number of ports:                          199
Number of nets:                          1740
Number of cells:                         1582
Number of combinational cells:           1378
Number of sequential cells:               195
Number of macros/black boxes:               0
Number of buf/inv:                        209
Number of references:                      64

Combinational area:               3076.667273
Buf/Inv area:                      301.414787
Noncombinational area:            1292.322281
Macro/Black Box area:                0.000000
Net Interconnect area:            1076.626747

Total cell area:                  4368.989554
Total area:                       5445.616301
1
