 
****************************************
Report : timing
        -path full
        -delay max
        -max_paths 1
Design : HDL_Complex_Multiplier
Version: P-2019.03-SP3
Date   : Tue Feb 23 14:12:45 2021
****************************************

Operating Conditions: ss0p7v125c   Library: saed32rvt_ss0p7v125c
Wire Load Model Mode: enclosed

  Startpoint: Delay2_out1_reg[2]
              (rising edge-triggered flip-flop clocked by clk)
  Endpoint: Delay3_out1_reg[63]
            (rising edge-triggered flip-flop clocked by clk)
  Path Group: clk
  Path Type: max

  Des/Clust/Port     Wire Load Model       Library
  ------------------------------------------------
  HDL_Complex_Multiplier
                     8000                  saed32rvt_ss0p7v125c

  Point                                    Incr       Path
  -----------------------------------------------------------
  clock clk (rise edge)                    0.00       0.00
  clock network delay (ideal)              0.00       0.00
  Delay2_out1_reg[2]/CLK (DFFX1_HVT)       0.00       0.00 r
  Delay2_out1_reg[2]/QN (DFFX1_HVT)        0.45       0.45 f
  U475/Y (INVX0_HVT)                       0.18       0.63 r
  U476/Y (INVX0_HVT)                       0.22       0.85 f
  U487/Y (NBUFFX2_HVT)                     0.42       1.27 f
  U486/Y (INVX0_HVT)                       0.40       1.67 r
  U631/Y (AO22X1_HVT)                      0.59       2.26 r
  intadd_16/U64/CO (FADDX1_HVT)            0.50       2.76 r
  intadd_16/U63/CO (FADDX1_HVT)            0.51       3.27 r
  intadd_16/U62/CO (FADDX1_HVT)            0.51       3.79 r
  intadd_16/U61/CO (FADDX1_HVT)            0.51       4.30 r
  intadd_16/U60/CO (FADDX1_HVT)            0.51       4.81 r
  intadd_16/U59/CO (FADDX1_HVT)            0.51       5.32 r
  intadd_16/U58/CO (FADDX1_HVT)            0.51       5.83 r
  intadd_16/U57/CO (FADDX1_HVT)            0.51       6.35 r
  intadd_16/U56/CO (FADDX1_HVT)            0.51       6.86 r
  intadd_16/U55/CO (FADDX1_HVT)            0.51       7.37 r
  intadd_16/U54/CO (FADDX1_HVT)            0.51       7.88 r
  intadd_16/U53/CO (FADDX1_HVT)            0.51       8.40 r
  intadd_16/U52/CO (FADDX1_HVT)            0.51       8.91 r
  intadd_16/U51/CO (FADDX1_HVT)            0.51       9.42 r
  intadd_16/U50/CO (FADDX1_HVT)            0.51       9.93 r
  intadd_16/U49/CO (FADDX1_HVT)            0.51      10.44 r
  intadd_16/U48/CO (FADDX1_HVT)            0.51      10.96 r
  intadd_16/U47/CO (FADDX1_HVT)            0.51      11.47 r
  intadd_16/U46/CO (FADDX1_HVT)            0.51      11.98 r
  intadd_16/U45/CO (FADDX1_HVT)            0.51      12.49 r
  intadd_16/U44/CO (FADDX1_HVT)            0.51      13.00 r
  intadd_16/U43/CO (FADDX1_HVT)            0.51      13.52 r
  intadd_16/U42/CO (FADDX1_HVT)            0.51      14.03 r
  intadd_16/U41/CO (FADDX1_HVT)            0.51      14.54 r
  intadd_16/U40/CO (FADDX1_HVT)            0.51      15.05 r
  intadd_16/U39/CO (FADDX1_HVT)            0.51      15.57 r
  intadd_16/U38/CO (FADDX1_HVT)            0.51      16.08 r
  intadd_16/U37/CO (FADDX1_HVT)            0.51      16.59 r
  intadd_16/U36/CO (FADDX1_HVT)            0.51      17.10 r
  intadd_16/U35/CO (FADDX1_HVT)            0.51      17.61 r
  intadd_16/U34/CO (FADDX1_HVT)            0.51      18.13 r
  intadd_16/U33/CO (FADDX1_HVT)            0.51      18.64 r
  intadd_16/U32/CO (FADDX1_HVT)            0.51      19.15 r
  intadd_16/U31/CO (FADDX1_HVT)            0.51      19.66 r
  intadd_16/U30/CO (FADDX1_HVT)            0.51      20.18 r
  intadd_16/U29/CO (FADDX1_HVT)            0.51      20.69 r
  intadd_16/U28/CO (FADDX1_HVT)            0.51      21.20 r
  intadd_16/U27/CO (FADDX1_HVT)            0.51      21.71 r
  intadd_16/U26/CO (FADDX1_HVT)            0.51      22.22 r
  intadd_16/U25/CO (FADDX1_HVT)            0.51      22.74 r
  intadd_16/U24/CO (FADDX1_HVT)            0.51      23.25 r
  intadd_16/U23/CO (FADDX1_HVT)            0.51      23.76 r
  intadd_16/U22/CO (FADDX1_HVT)            0.51      24.27 r
  intadd_16/U21/CO (FADDX1_HVT)            0.51      24.79 r
  intadd_16/U20/CO (FADDX1_HVT)            0.51      25.30 r
  intadd_16/U19/CO (FADDX1_HVT)            0.51      25.81 r
  intadd_16/U18/CO (FADDX1_HVT)            0.51      26.32 r
  intadd_16/U17/CO (FADDX1_HVT)            0.51      26.83 r
  intadd_16/U16/CO (FADDX1_HVT)            0.51      27.35 r
  intadd_16/U15/CO (FADDX1_HVT)            0.51      27.86 r
  intadd_16/U14/CO (FADDX1_HVT)            0.51      28.37 r
  intadd_16/U13/CO (FADDX1_HVT)            0.51      28.88 r
  intadd_16/U12/CO (FADDX1_HVT)            0.51      29.40 r
  intadd_16/U11/CO (FADDX1_HVT)            0.51      29.91 r
  intadd_16/U10/CO (FADDX1_HVT)            0.51      30.42 r
  intadd_16/U9/CO (FADDX1_HVT)             0.51      30.93 r
  intadd_16/U8/CO (FADDX1_HVT)             0.51      31.44 r
  intadd_16/U7/CO (FADDX1_HVT)             0.51      31.96 r
  intadd_16/U6/CO (FADDX1_HVT)             0.51      32.47 r
  intadd_16/U5/CO (FADDX1_HVT)             0.51      32.98 r
  intadd_16/U4/CO (FADDX1_HVT)             0.51      33.49 r
  intadd_16/U3/CO (FADDX1_HVT)             0.51      34.01 r
  intadd_16/U2/CO (FADDX1_HVT)             0.49      34.49 r
  U484/Y (XOR2X1_HVT)                      0.62      35.12 f
  U702/SO (HADDX1_HVT)                     0.53      35.64 r
  U704/Y (AO22X1_HVT)                      0.32      35.96 r
  U705/Y (OR2X1_HVT)                       0.25      36.21 r
  Delay3_out1_reg[63]/D (DFFX1_HVT)        0.00      36.21 r
  data arrival time                                  36.21

  clock clk (rise edge)                 1100.00    1100.00
  clock network delay (ideal)              0.00    1100.00
  Delay3_out1_reg[63]/CLK (DFFX1_HVT)      0.00    1100.00 r
  library setup time                      -0.37    1099.63
  data required time                               1099.63
  -----------------------------------------------------------
  data required time                               1099.63
  data arrival time                                 -36.21
  -----------------------------------------------------------
  slack (MET)                                      1063.42


1
