 
****************************************
Report : area
Design : HDL_Complex_Multiplier
Version: P-2019.03-SP3
Date   : Tue Feb 23 14:02:21 2021
****************************************

Information: Updating design information... (UID-85)
Library(s) Used:

    saed32lvt_ss0p7v125c (File: /usr/local/synopsys/SAED32_EDK/lib/stdcell_lvt/db_nldm/saed32lvt_ss0p7v125c.db)
    saed32rvt_ss0p7v125c (File: /usr/local/synopsys/SAED32_EDK/lib/stdcell_rvt/db_nldm/saed32rvt_ss0p7v125c.db)
    saed32hvt_ss0p7v125c (File: /usr/local/synopsys/SAED32_EDK/lib/stdcell_hvt/db_nldm/saed32hvt_ss0p7v125c.db)

Number of ports:                          199
Number of nets:                          1806
Number of cells:                         1638
Number of combinational cells:           1431
Number of sequential cells:               195
Number of macros/black boxes:               0
Number of buf/inv:                        214
Number of references:                      72

Combinational area:               3140.965712
Buf/Inv area:                      303.447939
Noncombinational area:            1293.847145
Macro/Black Box area:                0.000000
Net Interconnect area:            1113.775858

Total cell area:                  4434.812857
Total area:                       5548.588715
1
