 
****************************************
Report : qor
Design : HDL_Complex_Multiplier
Version: P-2019.03-SP3
Date   : Tue Feb 23 14:10:51 2021
****************************************


  Timing Path Group 'clk'
  -----------------------------------
  Levels of Logic:              14.00
  Critical Path Length:          5.06
  Critical Path Slack:           0.04
  Critical Path Clk Period:      5.50
  Total Negative Slack:          0.00
  No. of Violating Paths:        0.00
  Worst Hold Violation:          0.00
  Total Hold Violation:          0.00
  No. of Hold Violations:        0.00
  -----------------------------------


  Cell Count
  -----------------------------------
  Hierarchical Cell Count:          0
  Hierarchical Port Count:          0
  Leaf Cell Count:               1477
  Buf/Inv Cell Count:             150
  Buf Cell Count:                   5
  Inv Cell Count:                 145
  CT Buf/Inv Cell Count:            0
  Combinational Cell Count:      1282
  Sequential Cell Count:          195
  Macro Count:                      0
  -----------------------------------


  Area
  -----------------------------------
  Combinational Area:     2982.379822
  Noncombinational Area:  1289.018410
  Buf/Inv Area:            198.994753
  Total Buffer Area:            13.47
  Total Inverter Area:         185.53
  Macro/Black Box Area:      0.000000
  Net Area:               1069.839339
  -----------------------------------
  Cell Area:              4271.398232
  Design Area:            5341.237572


  Design Rules
  -----------------------------------
  Total Number of Nets:          1636
  Nets With Violations:             0
  Max Trans Violations:             0
  Max Cap Violations:               0
  -----------------------------------


  Hostname: rhel77vdi012

  Compile CPU Statistics
  -----------------------------------------
  Resource Sharing:                    0.30
  Logic Optimization:                  4.79
  Mapping Optimization:               16.50
  -----------------------------------------
  Overall Compile Time:               46.02
  Overall Compile Wall Clock Time:    47.51

  --------------------------------------------------------------------

  Design  WNS: 0.00  TNS: 0.00  Number of Violating Paths: 0


  Design (Hold)  WNS: 0.00  TNS: 0.00  Number of Violating Paths: 0

  --------------------------------------------------------------------


1
