 
****************************************
Report : qor
Design : HDL_Complex_Multiplier
Version: P-2019.03-SP3
Date   : Tue Feb 23 14:09:24 2021
****************************************


  Timing Path Group 'clk'
  -----------------------------------
  Levels of Logic:              11.00
  Critical Path Length:          1.82
  Critical Path Slack:           0.00
  Critical Path Clk Period:      1.92
  Total Negative Slack:          0.00
  No. of Violating Paths:        0.00
  Worst Hold Violation:          0.00
  Total Hold Violation:          0.00
  No. of Hold Violations:        0.00
  -----------------------------------


  Cell Count
  -----------------------------------
  Hierarchical Cell Count:          0
  Hierarchical Port Count:          0
  Leaf Cell Count:               1473
  Buf/Inv Cell Count:             161
  Buf Cell Count:                   6
  Inv Cell Count:                 155
  CT Buf/Inv Cell Count:            0
  Combinational Cell Count:      1278
  Sequential Cell Count:          195
  Macro Count:                      0
  -----------------------------------


  Area
  -----------------------------------
  Combinational Area:     2940.954352
  Noncombinational Area:  1290.289130
  Buf/Inv Area:            220.596993
  Total Buffer Area:            17.28
  Total Inverter Area:         203.32
  Macro/Black Box Area:      0.000000
  Net Area:               1023.393144
  -----------------------------------
  Cell Area:              4231.243482
  Design Area:            5254.636626


  Design Rules
  -----------------------------------
  Total Number of Nets:          1614
  Nets With Violations:             0
  Max Trans Violations:             0
  Max Cap Violations:               0
  -----------------------------------


  Hostname: rhel77vdi012

  Compile CPU Statistics
  -----------------------------------------
  Resource Sharing:                    0.28
  Logic Optimization:                  3.23
  Mapping Optimization:               10.45
  -----------------------------------------
  Overall Compile Time:               40.32
  Overall Compile Wall Clock Time:    42.51

  --------------------------------------------------------------------

  Design  WNS: 0.00  TNS: 0.00  Number of Violating Paths: 0


  Design (Hold)  WNS: 0.00  TNS: 0.00  Number of Violating Paths: 0

  --------------------------------------------------------------------


1
