 
****************************************
Report : qor
Design : HDL_Complex_Multiplier
Version: P-2019.03-SP3
Date   : Tue Feb 23 13:50:27 2021
****************************************


  Timing Path Group 'clk'
  -----------------------------------
  Levels of Logic:              18.00
  Critical Path Length:          4.82
  Critical Path Slack:           0.47
  Critical Path Clk Period:      5.50
  Total Negative Slack:          0.00
  No. of Violating Paths:        0.00
  Worst Hold Violation:          0.00
  Total Hold Violation:          0.00
  No. of Hold Violations:        0.00
  -----------------------------------


  Cell Count
  -----------------------------------
  Hierarchical Cell Count:          0
  Hierarchical Port Count:          0
  Leaf Cell Count:               1252
  Buf/Inv Cell Count:             141
  Buf Cell Count:                   5
  Inv Cell Count:                 136
  CT Buf/Inv Cell Count:            0
  Combinational Cell Count:      1057
  Sequential Cell Count:          195
  Macro Count:                      0
  -----------------------------------


  Area
  -----------------------------------
  Combinational Area:     2487.561449
  Noncombinational Area:  1290.034986
  Buf/Inv Area:            185.016833
  Total Buffer Area:            11.94
  Total Inverter Area:         173.07
  Macro/Black Box Area:      0.000000
  Net Area:                832.722145
  -----------------------------------
  Cell Area:              3777.596435
  Design Area:            4610.318580


  Design Rules
  -----------------------------------
  Total Number of Nets:          1400
  Nets With Violations:             1
  Max Trans Violations:             1
  Max Cap Violations:               0
  -----------------------------------


  Hostname: rhel77vdi012

  Compile CPU Statistics
  -----------------------------------------
  Resource Sharing:                    0.32
  Logic Optimization:                  1.10
  Mapping Optimization:                1.62
  -----------------------------------------
  Overall Compile Time:               10.23
  Overall Compile Wall Clock Time:    11.38

  --------------------------------------------------------------------

  Design  WNS: 0.00  TNS: 0.00  Number of Violating Paths: 0


  Design (Hold)  WNS: 0.00  TNS: 0.00  Number of Violating Paths: 0

  --------------------------------------------------------------------


1
