 
****************************************
Report : area
Design : HDL_Complex_Multiplier
Version: P-2019.03-SP3
Date   : Tue Feb 23 13:44:34 2021
****************************************

Information: Updating design information... (UID-85)
Library(s) Used:

    saed32rvt_ss0p7v125c (File: /usr/local/synopsys/SAED32_EDK/lib/stdcell_rvt/db_nldm/saed32rvt_ss0p7v125c.db)

Number of ports:                          199
Number of nets:                          2024
Number of cells:                         1777
Number of combinational cells:           1575
Number of sequential cells:               195
Number of macros/black boxes:               0
Number of buf/inv:                        267
Number of references:                      39

Combinational area:               3246.181327
Buf/Inv area:                      386.807170
Noncombinational area:            1291.559850
Macro/Black Box area:                0.000000
Net Interconnect area:            1135.971565

Total cell area:                  4537.741177
Total area:                       5673.712742
1
