 
****************************************
Report : area
Design : HDL_Complex_Multiplier
Version: P-2019.03-SP3
Date   : Tue Feb 23 13:49:16 2021
****************************************

Information: Updating design information... (UID-85)
Library(s) Used:

    saed32rvt_ss0p7v125c (File: /usr/local/synopsys/SAED32_EDK/lib/stdcell_rvt/db_nldm/saed32rvt_ss0p7v125c.db)

Number of ports:                          199
Number of nets:                          2064
Number of cells:                         1827
Number of combinational cells:           1624
Number of sequential cells:               195
Number of macros/black boxes:               0
Number of buf/inv:                        284
Number of references:                      39

Combinational area:               3320.391371
Buf/Inv area:                      419.083459
Noncombinational area:            1290.543274
Macro/Black Box area:                0.000000
Net Interconnect area:            1092.249185

Total cell area:                  4610.934645
Total area:                       5703.183830
1
