 
****************************************
Report : power
        -analysis_effort low
Design : HDL_Complex_Multiplier
Version: P-2019.03-SP3
Date   : Tue Feb 23 13:50:27 2021
****************************************


Library(s) Used:

    saed32rvt_ss0p7v125c (File: /usr/local/synopsys/SAED32_EDK/lib/stdcell_rvt/db_nldm/saed32rvt_ss0p7v125c.db)


Operating Conditions: ss0p7v125c   Library: saed32rvt_ss0p7v125c
Wire Load Model Mode: enclosed

Design        Wire Load Model            Library
------------------------------------------------
HDL_Complex_Multiplier 8000              saed32rvt_ss0p7v125c


Global Operating Voltage = 0.7  
Power-specific unit information :
    Voltage Units = 1V
    Capacitance Units = 1.000000ff
    Time Units = 1ns
    Dynamic Power Units = 1uW    (derived from V,C,T units)
    Leakage Power Units = 1pW


  Cell Internal Power  = 120.3832 uW   (96%)
  Net Switching Power  =   4.7337 uW    (4%)
                         ---------
Total Dynamic Power    = 125.1169 uW  (100%)

Cell Leakage Power     =  45.4777 uW


                 Internal         Switching           Leakage            Total
Power Group      Power            Power               Power              Power   (   %    )  Attrs
--------------------------------------------------------------------------------------------------
io_pad             0.0000            0.0000            0.0000            0.0000  (   0.00%)
memory             0.0000            0.0000            0.0000            0.0000  (   0.00%)
black_box          0.0000            0.0000            0.0000            0.0000  (   0.00%)
clock_network      0.0000            0.0000            0.0000            0.0000  (   0.00%)
register         111.7789            0.8302        2.5119e+07          137.7279  (  80.73%)
sequential         0.0000            0.0000            0.0000            0.0000  (   0.00%)
combinational      8.6043            3.9034        2.0359e+07           32.8666  (  19.27%)
--------------------------------------------------------------------------------------------------
Total            120.3832 uW         4.7337 uW     4.5478e+07 pW       170.5945 uW
1
