 
****************************************
Report : power
        -analysis_effort low
Design : HDL_Complex_Multiplier
Version: P-2019.03-SP3
Date   : Tue Feb 23 13:48:13 2021
****************************************


Library(s) Used:

    saed32rvt_ss0p7v125c (File: /usr/local/synopsys/SAED32_EDK/lib/stdcell_rvt/db_nldm/saed32rvt_ss0p7v125c.db)


Operating Conditions: ss0p7v125c   Library: saed32rvt_ss0p7v125c
Wire Load Model Mode: enclosed

Design        Wire Load Model            Library
------------------------------------------------
HDL_Complex_Multiplier 8000              saed32rvt_ss0p7v125c


Global Operating Voltage = 0.7  
Power-specific unit information :
    Voltage Units = 1V
    Capacitance Units = 1.000000ff
    Time Units = 1ns
    Dynamic Power Units = 1uW    (derived from V,C,T units)
    Leakage Power Units = 1pW


  Cell Internal Power  = 414.4548 uW   (95%)
  Net Switching Power  =  21.3611 uW    (5%)
                         ---------
Total Dynamic Power    = 435.8159 uW  (100%)

Cell Leakage Power     =  57.4352 uW


                 Internal         Switching           Leakage            Total
Power Group      Power            Power               Power              Power   (   %    )  Attrs
--------------------------------------------------------------------------------------------------
io_pad             0.0000            0.0000            0.0000            0.0000  (   0.00%)
memory             0.0000            0.0000            0.0000            0.0000  (   0.00%)
black_box          0.0000            0.0000            0.0000            0.0000  (   0.00%)
clock_network      0.0000            0.0000            0.0000            0.0000  (   0.00%)
register         376.8296            2.9360        2.5137e+07          404.9028  (  82.09%)
sequential         0.0000            0.0000            0.0000            0.0000  (   0.00%)
combinational     37.6252           18.4250        3.2298e+07           88.3483  (  17.91%)
--------------------------------------------------------------------------------------------------
Total            414.4548 uW        21.3611 uW     5.7435e+07 pW       493.2511 uW
1
