 
****************************************
Report : area
Design : HDL_Complex_Multiplier
Version: P-2019.03-SP3
Date   : Tue Feb 23 13:48:13 2021
****************************************

Information: Updating design information... (UID-85)
Library(s) Used:

    saed32rvt_ss0p7v125c (File: /usr/local/synopsys/SAED32_EDK/lib/stdcell_rvt/db_nldm/saed32rvt_ss0p7v125c.db)

Number of ports:                          199
Number of nets:                          1999
Number of cells:                         1760
Number of combinational cells:           1557
Number of sequential cells:               195
Number of macros/black boxes:               0
Number of buf/inv:                        249
Number of references:                      32

Combinational area:               3212.380169
Buf/Inv area:                      362.155202
Noncombinational area:            1290.543274
Macro/Black Box area:                0.000000
Net Interconnect area:            1102.575957

Total cell area:                  4502.923443
Total area:                       5605.499400
1
