 
****************************************
Report : power
        -analysis_effort low
Design : HDL_Complex_Multiplier
Version: P-2019.03-SP3
Date   : Tue Feb 23 13:50:51 2021
****************************************


Library(s) Used:

    saed32rvt_ss0p7v125c (File: /usr/local/synopsys/SAED32_EDK/lib/stdcell_rvt/db_nldm/saed32rvt_ss0p7v125c.db)


Operating Conditions: ss0p7v125c   Library: saed32rvt_ss0p7v125c
Wire Load Model Mode: enclosed

Design        Wire Load Model            Library
------------------------------------------------
HDL_Complex_Multiplier 8000              saed32rvt_ss0p7v125c


Global Operating Voltage = 0.7  
Power-specific unit information :
    Voltage Units = 1V
    Capacitance Units = 1.000000ff
    Time Units = 1ns
    Dynamic Power Units = 1uW    (derived from V,C,T units)
    Leakage Power Units = 1pW


  Cell Internal Power  =   5.9722 uW   (97%)
  Net Switching Power  = 204.4216 nW    (3%)
                         ---------
Total Dynamic Power    =   6.1766 uW  (100%)

Cell Leakage Power     =  39.3318 uW


                 Internal         Switching           Leakage            Total
Power Group      Power            Power               Power              Power   (   %    )  Attrs
--------------------------------------------------------------------------------------------------
io_pad             0.0000            0.0000            0.0000            0.0000  (   0.00%)
memory             0.0000            0.0000            0.0000            0.0000  (   0.00%)
black_box          0.0000            0.0000            0.0000            0.0000  (   0.00%)
clock_network      0.0000            0.0000            0.0000            0.0000  (   0.00%)
register           5.6403        4.4745e-02        2.5203e+07           30.8884  (  67.87%)
sequential         0.0000            0.0000            0.0000            0.0000  (   0.00%)
combinational      0.3320            0.1597        1.4128e+07           14.6200  (  32.13%)
--------------------------------------------------------------------------------------------------
Total              5.9722 uW         0.2044 uW     3.9332e+07 pW        45.5084 uW
1
