 
****************************************
Report : area
Design : HDL_Complex_Multiplier
Version: P-2019.03-SP3
Date   : Tue Feb 23 13:50:51 2021
****************************************

Information: Updating design information... (UID-85)
Library(s) Used:

    saed32rvt_ss0p7v125c (File: /usr/local/synopsys/SAED32_EDK/lib/stdcell_rvt/db_nldm/saed32rvt_ss0p7v125c.db)

Number of ports:                          199
Number of nets:                           961
Number of cells:                          698
Number of combinational cells:            496
Number of sequential cells:               195
Number of macros/black boxes:               0
Number of buf/inv:                         35
Number of references:                      20

Combinational area:               1449.637371
Buf/Inv area:                       57.436546
Noncombinational area:            1290.543274
Macro/Black Box area:                0.000000
Net Interconnect area:             814.134111

Total cell area:                  2740.180645
Total area:                       3554.314756
1
