 
****************************************
Report : power
        -analysis_effort low
Design : HDL_Complex_Multiplier
Version: P-2019.03-SP3
Date   : Tue Feb 23 13:50:14 2021
****************************************


Library(s) Used:

    saed32rvt_ss0p7v125c (File: /usr/local/synopsys/SAED32_EDK/lib/stdcell_rvt/db_nldm/saed32rvt_ss0p7v125c.db)


Operating Conditions: ss0p7v125c   Library: saed32rvt_ss0p7v125c
Wire Load Model Mode: enclosed

Design        Wire Load Model            Library
------------------------------------------------
HDL_Complex_Multiplier 8000              saed32rvt_ss0p7v125c


Global Operating Voltage = 0.7  
Power-specific unit information :
    Voltage Units = 1V
    Capacitance Units = 1.000000ff
    Time Units = 1ns
    Dynamic Power Units = 1uW    (derived from V,C,T units)
    Leakage Power Units = 1pW


  Cell Internal Power  = 312.2085 uW   (95%)
  Net Switching Power  =  16.3252 uW    (5%)
                         ---------
Total Dynamic Power    = 328.5337 uW  (100%)

Cell Leakage Power     =  57.6293 uW


                 Internal         Switching           Leakage            Total
Power Group      Power            Power               Power              Power   (   %    )  Attrs
--------------------------------------------------------------------------------------------------
io_pad             0.0000            0.0000            0.0000            0.0000  (   0.00%)
memory             0.0000            0.0000            0.0000            0.0000  (   0.00%)
black_box          0.0000            0.0000            0.0000            0.0000  (   0.00%)
clock_network      0.0000            0.0000            0.0000            0.0000  (   0.00%)
register         283.2181            2.2948        2.5156e+07          310.6690  (  80.45%)
sequential         0.0000            0.0000            0.0000            0.0000  (   0.00%)
combinational     28.9904           14.0304        3.2473e+07           75.4939  (  19.55%)
--------------------------------------------------------------------------------------------------
Total            312.2085 uW        16.3252 uW     5.7629e+07 pW       386.1629 uW
1
