 
****************************************
Report : area
Design : HDL_Complex_Multiplier
Version: P-2019.03-SP3
Date   : Tue Feb 23 13:47:13 2021
****************************************

Information: Updating design information... (UID-85)
Library(s) Used:

    saed32rvt_ss0p7v125c (File: /usr/local/synopsys/SAED32_EDK/lib/stdcell_rvt/db_nldm/saed32rvt_ss0p7v125c.db)

Number of ports:                          199
Number of nets:                          2063
Number of cells:                         1818
Number of combinational cells:           1614
Number of sequential cells:               195
Number of macros/black boxes:               0
Number of buf/inv:                        286
Number of references:                      39

Combinational area:               3324.457679
Buf/Inv area:                      412.984003
Noncombinational area:            1291.051562
Macro/Black Box area:                0.000000
Net Interconnect area:            1140.382181

Total cell area:                  4615.509241
Total area:                       5755.891422
1
