 
****************************************
Report : area
Design : HDL_Complex_Multiplier
Version: P-2019.03-SP3
Date   : Tue Feb 23 13:42:21 2021
****************************************

Information: Updating design information... (UID-85)
Library(s) Used:

    saed32rvt_ss0p7v125c (File: /usr/local/synopsys/SAED32_EDK/lib/stdcell_rvt/db_nldm/saed32rvt_ss0p7v125c.db)

Number of ports:                          199
Number of nets:                          2022
Number of cells:                         1780
Number of combinational cells:           1581
Number of sequential cells:               195
Number of macros/black boxes:               0
Number of buf/inv:                        257
Number of references:                      37

Combinational area:               3268.291852
Buf/Inv area:                      364.442499
Noncombinational area:            1290.543274
Macro/Black Box area:                0.000000
Net Interconnect area:            1097.993202

Total cell area:                  4558.835126
Total area:                       5656.828327
1
