 
****************************************
Report : power
        -analysis_effort low
Design : HDL_Complex_Multiplier
Version: P-2019.03-SP3
Date   : Tue Feb 23 13:45:54 2021
****************************************


Library(s) Used:

    saed32rvt_ss0p7v125c (File: /usr/local/synopsys/SAED32_EDK/lib/stdcell_rvt/db_nldm/saed32rvt_ss0p7v125c.db)


Operating Conditions: ss0p7v125c   Library: saed32rvt_ss0p7v125c
Wire Load Model Mode: enclosed

Design        Wire Load Model            Library
------------------------------------------------
HDL_Complex_Multiplier 8000              saed32rvt_ss0p7v125c


Global Operating Voltage = 0.7  
Power-specific unit information :
    Voltage Units = 1V
    Capacitance Units = 1.000000ff
    Time Units = 1ns
    Dynamic Power Units = 1uW    (derived from V,C,T units)
    Leakage Power Units = 1pW


  Cell Internal Power  = 481.0581 uW   (95%)
  Net Switching Power  =  24.7957 uW    (5%)
                         ---------
Total Dynamic Power    = 505.8538 uW  (100%)

Cell Leakage Power     =  59.1572 uW


                 Internal         Switching           Leakage            Total
Power Group      Power            Power               Power              Power   (   %    )  Attrs
--------------------------------------------------------------------------------------------------
io_pad             0.0000            0.0000            0.0000            0.0000  (   0.00%)
memory             0.0000            0.0000            0.0000            0.0000  (   0.00%)
black_box          0.0000            0.0000            0.0000            0.0000  (   0.00%)
clock_network      0.0000            0.0000            0.0000            0.0000  (   0.00%)
register         435.5461            3.3526        2.5170e+07          464.0686  (  82.13%)
sequential         0.0000            0.0000            0.0000            0.0000  (   0.00%)
combinational     45.5119           21.4431        3.3987e+07          100.9422  (  17.87%)
--------------------------------------------------------------------------------------------------
Total            481.0580 uW        24.7957 uW     5.9157e+07 pW       565.0109 uW
1
