 
****************************************
Report : area
Design : HDL_Complex_Multiplier
Version: P-2019.03-SP3
Date   : Tue Feb 23 12:29:45 2021
****************************************

Information: Updating design information... (UID-85)
Library(s) Used:

    saed32rvt_ss0p95v125c (File: /usr/local/synopsys/SAED32_EDK/lib/stdcell_rvt/db_nldm/saed32rvt_ss0p95v125c.db)

Number of ports:                          199
Number of nets:                          1447
Number of cells:                         1308
Number of combinational cells:           1107
Number of sequential cells:               195
Number of macros/black boxes:               0
Number of buf/inv:                        159
Number of references:                      28

Combinational area:               2587.694184
Buf/Inv area:                      210.177089
Noncombinational area:            1290.034986
Macro/Black Box area:                0.000000
Net Interconnect area:             905.188283

Total cell area:                  3877.729170
Total area:                       4782.917453
1
