 
****************************************
Report : area
Design : HDL_Complex_Multiplier
Version: P-2019.03-SP3
Date   : Tue Feb 23 12:30:23 2021
****************************************

Information: Updating design information... (UID-85)
Library(s) Used:

    saed32rvt_ss0p95v125c (File: /usr/local/synopsys/SAED32_EDK/lib/stdcell_rvt/db_nldm/saed32rvt_ss0p95v125c.db)

Number of ports:                          199
Number of nets:                          1382
Number of cells:                         1238
Number of combinational cells:           1037
Number of sequential cells:               195
Number of macros/black boxes:               0
Number of buf/inv:                        133
Number of references:                      22

Combinational area:               2452.489578
Buf/Inv area:                      177.138369
Noncombinational area:            1290.034986
Macro/Black Box area:                0.000000
Net Interconnect area:             838.192544

Total cell area:                  3742.524564
Total area:                       4580.717107
1
