 
****************************************
Report : area
Design : HDL_Complex_Multiplier
Version: P-2019.03-SP3
Date   : Tue Feb 23 12:29:58 2021
****************************************

Information: Updating design information... (UID-85)
Library(s) Used:

    saed32rvt_ss0p95v125c (File: /usr/local/synopsys/SAED32_EDK/lib/stdcell_rvt/db_nldm/saed32rvt_ss0p95v125c.db)

Number of ports:                          199
Number of nets:                          1394
Number of cells:                         1255
Number of combinational cells:           1054
Number of sequential cells:               195
Number of macros/black boxes:               0
Number of buf/inv:                        120
Number of references:                      22

Combinational area:               2505.605672
Buf/Inv area:                      161.635585
Noncombinational area:            1290.034986
Macro/Black Box area:                0.000000
Net Interconnect area:             858.240068

Total cell area:                  3795.640658
Total area:                       4653.880726
1
