 
****************************************
Report : qor
Design : HDL_Complex_Multiplier
Version: P-2019.03-SP3
Date   : Tue Feb 23 12:28:10 2021
****************************************


  Timing Path Group 'clk'
  -----------------------------------
  Levels of Logic:              13.00
  Critical Path Length:          1.10
  Critical Path Slack:           0.00
  Critical Path Clk Period:      1.15
  Total Negative Slack:          0.00
  No. of Violating Paths:        0.00
  Worst Hold Violation:          0.00
  Total Hold Violation:          0.00
  No. of Hold Violations:        0.00
  -----------------------------------


  Cell Count
  -----------------------------------
  Hierarchical Cell Count:          0
  Hierarchical Port Count:          0
  Leaf Cell Count:               1554
  Buf/Inv Cell Count:             168
  Buf Cell Count:                  10
  Inv Cell Count:                 158
  CT Buf/Inv Cell Count:            0
  Combinational Cell Count:      1359
  Sequential Cell Count:          195
  Macro Count:                      0
  -----------------------------------


  Area
  -----------------------------------
  Combinational Area:     3041.087099
  Noncombinational Area:  1290.543274
  Buf/Inv Area:            229.492033
  Total Buffer Area:            24.40
  Total Inverter Area:         205.09
  Macro/Black Box Area:      0.000000
  Net Area:               1056.598868
  -----------------------------------
  Cell Area:              4331.630373
  Design Area:            5388.229241


  Design Rules
  -----------------------------------
  Total Number of Nets:          1734
  Nets With Violations:             0
  Max Trans Violations:             0
  Max Cap Violations:               0
  -----------------------------------


  Hostname: rhel77vdi012

  Compile CPU Statistics
  -----------------------------------------
  Resource Sharing:                    0.30
  Logic Optimization:                  3.76
  Mapping Optimization:               20.72
  -----------------------------------------
  Overall Compile Time:               34.41
  Overall Compile Wall Clock Time:    35.27

  --------------------------------------------------------------------

  Design  WNS: 0.00  TNS: 0.00  Number of Violating Paths: 0


  Design (Hold)  WNS: 0.00  TNS: 0.00  Number of Violating Paths: 0

  --------------------------------------------------------------------


1
