 
****************************************
Report : area
Design : HDL_Complex_Multiplier
Version: P-2019.03-SP3
Date   : Tue Feb 23 12:28:49 2021
****************************************

Information: Updating design information... (UID-85)
Library(s) Used:

    saed32rvt_ss0p95v125c (File: /usr/local/synopsys/SAED32_EDK/lib/stdcell_rvt/db_nldm/saed32rvt_ss0p95v125c.db)

Number of ports:                          199
Number of nets:                          1628
Number of cells:                         1491
Number of combinational cells:           1290
Number of sequential cells:               195
Number of macros/black boxes:               0
Number of buf/inv:                        146
Number of references:                      33

Combinational area:               3023.042859
Buf/Inv area:                      197.215745
Noncombinational area:            1290.543274
Macro/Black Box area:                0.000000
Net Interconnect area:            1028.663586

Total cell area:                  4313.586133
Total area:                       5342.249719
1
