 
****************************************
Report : power
        -analysis_effort low
Design : HDL_Complex_Multiplier
Version: P-2019.03-SP3
Date   : Tue Feb 23 12:30:34 2021
****************************************


Library(s) Used:

    saed32rvt_ss0p95v125c (File: /usr/local/synopsys/SAED32_EDK/lib/stdcell_rvt/db_nldm/saed32rvt_ss0p95v125c.db)


Operating Conditions: ss0p95v125c   Library: saed32rvt_ss0p95v125c
Wire Load Model Mode: enclosed

Design        Wire Load Model            Library
------------------------------------------------
HDL_Complex_Multiplier 8000              saed32rvt_ss0p95v125c


Global Operating Voltage = 0.95 
Power-specific unit information :
    Voltage Units = 1V
    Capacitance Units = 1.000000ff
    Time Units = 1ns
    Dynamic Power Units = 1uW    (derived from V,C,T units)
    Leakage Power Units = 1pW


  Cell Internal Power  = 228.6173 uW   (97%)
  Net Switching Power  =   8.0726 uW    (3%)
                         ---------
Total Dynamic Power    = 236.6899 uW  (100%)

Cell Leakage Power     = 163.2106 uW


                 Internal         Switching           Leakage            Total
Power Group      Power            Power               Power              Power   (   %    )  Attrs
--------------------------------------------------------------------------------------------------
io_pad             0.0000            0.0000            0.0000            0.0000  (   0.00%)
memory             0.0000            0.0000            0.0000            0.0000  (   0.00%)
black_box          0.0000            0.0000            0.0000            0.0000  (   0.00%)
clock_network      0.0000            0.0000            0.0000            0.0000  (   0.00%)
register         214.1957            1.6841        1.0036e+08          316.2389  (  79.08%)
sequential         0.0000            0.0000            0.0000            0.0000  (   0.00%)
combinational     14.4217            6.3885        6.2851e+07           83.6616  (  20.92%)
--------------------------------------------------------------------------------------------------
Total            228.6174 uW         8.0726 uW     1.6321e+08 pW       399.9005 uW
1
