 
****************************************
Report : power
        -analysis_effort low
Design : HDL_Complex_Multiplier
Version: P-2019.03-SP3
Date   : Tue Feb 23 12:28:32 2021
****************************************


Library(s) Used:

    saed32rvt_ss0p95v125c (File: /usr/local/synopsys/SAED32_EDK/lib/stdcell_rvt/db_nldm/saed32rvt_ss0p95v125c.db)


Operating Conditions: ss0p95v125c   Library: saed32rvt_ss0p95v125c
Wire Load Model Mode: enclosed

Design        Wire Load Model            Library
------------------------------------------------
HDL_Complex_Multiplier 8000              saed32rvt_ss0p95v125c


Global Operating Voltage = 0.95 
Power-specific unit information :
    Voltage Units = 1V
    Capacitance Units = 1.000000ff
    Time Units = 1ns
    Dynamic Power Units = 1uW    (derived from V,C,T units)
    Leakage Power Units = 1pW


  Cell Internal Power  =   1.0704 mW   (96%)
  Net Switching Power  =  49.2413 uW    (4%)
                         ---------
Total Dynamic Power    =   1.1197 mW  (100%)

Cell Leakage Power     = 210.1381 uW


                 Internal         Switching           Leakage            Total
Power Group      Power            Power               Power              Power   (   %    )  Attrs
--------------------------------------------------------------------------------------------------
io_pad             0.0000            0.0000            0.0000            0.0000  (   0.00%)
memory             0.0000            0.0000            0.0000            0.0000  (   0.00%)
black_box          0.0000            0.0000            0.0000            0.0000  (   0.00%)
clock_network      0.0000            0.0000            0.0000            0.0000  (   0.00%)
register         973.7195            7.2300        1.0048e+08        1.0814e+03  (  81.32%)
sequential         0.0000            0.0000            0.0000            0.0000  (   0.00%)
combinational     96.7110           42.0112        1.0965e+08          248.3758  (  18.68%)
--------------------------------------------------------------------------------------------------
Total          1.0704e+03 uW        49.2413 uW     2.1014e+08 pW     1.3298e+03 uW
1
