 
****************************************
Report : area
Design : HDL_Complex_Multiplier
Version: P-2019.03-SP3
Date   : Tue Feb 23 12:31:08 2021
****************************************

Information: Updating design information... (UID-85)
Library(s) Used:

    saed32rvt_ss0p95v125c (File: /usr/local/synopsys/SAED32_EDK/lib/stdcell_rvt/db_nldm/saed32rvt_ss0p95v125c.db)

Number of ports:                          199
Number of nets:                           955
Number of cells:                          692
Number of combinational cells:            491
Number of sequential cells:               195
Number of macros/black boxes:               0
Number of buf/inv:                         30
Number of references:                      19

Combinational area:               1444.300347
Buf/Inv area:                       51.845378
Noncombinational area:            1290.543274
Macro/Black Box area:                0.000000
Net Interconnect area:             804.155275

Total cell area:                  2734.843621
Total area:                       3538.998896
1
