 
****************************************
Report : area
Design : HDL_Complex_Multiplier
Version: P-2019.03-SP3
Date   : Tue Feb 23 12:29:33 2021
****************************************

Information: Updating design information... (UID-85)
Library(s) Used:

    saed32rvt_ss0p95v125c (File: /usr/local/synopsys/SAED32_EDK/lib/stdcell_rvt/db_nldm/saed32rvt_ss0p95v125c.db)

Number of ports:                          199
Number of nets:                          1461
Number of cells:                         1322
Number of combinational cells:           1121
Number of sequential cells:               195
Number of macros/black boxes:               0
Number of buf/inv:                        131
Number of references:                      29

Combinational area:               2655.042343
Buf/Inv area:                      173.326209
Noncombinational area:            1290.034986
Macro/Black Box area:                0.000000
Net Interconnect area:             924.381463

Total cell area:                  3945.077329
Total area:                       4869.458793
1
