 
****************************************
Report : power
        -analysis_effort low
Design : HDL_Complex_Multiplier
Version: P-2019.03-SP3
Date   : Tue Feb 23 12:29:45 2021
****************************************


Library(s) Used:

    saed32rvt_ss0p95v125c (File: /usr/local/synopsys/SAED32_EDK/lib/stdcell_rvt/db_nldm/saed32rvt_ss0p95v125c.db)


Operating Conditions: ss0p95v125c   Library: saed32rvt_ss0p95v125c
Wire Load Model Mode: enclosed

Design        Wire Load Model            Library
------------------------------------------------
HDL_Complex_Multiplier 8000              saed32rvt_ss0p95v125c


Global Operating Voltage = 0.95 
Power-specific unit information :
    Voltage Units = 1V
    Capacitance Units = 1.000000ff
    Time Units = 1ns
    Dynamic Power Units = 1uW    (derived from V,C,T units)
    Leakage Power Units = 1pW


  Cell Internal Power  = 826.0947 uW   (96%)
  Net Switching Power  =  33.3235 uW    (4%)
                         ---------
Total Dynamic Power    = 859.4182 uW  (100%)

Cell Leakage Power     = 181.7776 uW


                 Internal         Switching           Leakage            Total
Power Group      Power            Power               Power              Power   (   %    )  Attrs
--------------------------------------------------------------------------------------------------
io_pad             0.0000            0.0000            0.0000            0.0000  (   0.00%)
memory             0.0000            0.0000            0.0000            0.0000  (   0.00%)
black_box          0.0000            0.0000            0.0000            0.0000  (   0.00%)
clock_network      0.0000            0.0000            0.0000            0.0000  (   0.00%)
register         764.4854            5.3791        1.0036e+08          870.2289  (  83.58%)
sequential         0.0000            0.0000            0.0000            0.0000  (   0.00%)
combinational     61.6092           27.9444        8.1413e+07          170.9667  (  16.42%)
--------------------------------------------------------------------------------------------------
Total            826.0945 uW        33.3235 uW     1.8178e+08 pW     1.0412e+03 uW
1
