 
****************************************
Report : qor
Design : HDL_Complex_Multiplier
Version: P-2019.03-SP3
Date   : Tue Feb 23 12:29:45 2021
****************************************


  Timing Path Group 'clk'
  -----------------------------------
  Levels of Logic:              15.00
  Critical Path Length:          1.47
  Critical Path Slack:           0.00
  Critical Path Clk Period:      1.54
  Total Negative Slack:          0.00
  No. of Violating Paths:        0.00
  Worst Hold Violation:          0.00
  Total Hold Violation:          0.00
  No. of Hold Violations:        0.00
  -----------------------------------


  Cell Count
  -----------------------------------
  Hierarchical Cell Count:          0
  Hierarchical Port Count:          0
  Leaf Cell Count:               1302
  Buf/Inv Cell Count:             159
  Buf Cell Count:                   6
  Inv Cell Count:                 153
  CT Buf/Inv Cell Count:            0
  Combinational Cell Count:      1107
  Sequential Cell Count:          195
  Macro Count:                      0
  -----------------------------------


  Area
  -----------------------------------
  Combinational Area:     2587.694184
  Noncombinational Area:  1290.034986
  Buf/Inv Area:            210.177089
  Total Buffer Area:            13.72
  Total Inverter Area:         196.45
  Macro/Black Box Area:      0.000000
  Net Area:                905.188283
  -----------------------------------
  Cell Area:              3877.729170
  Design Area:            4782.917453


  Design Rules
  -----------------------------------
  Total Number of Nets:          1447
  Nets With Violations:             0
  Max Trans Violations:             0
  Max Cap Violations:               0
  -----------------------------------


  Hostname: rhel77vdi012

  Compile CPU Statistics
  -----------------------------------------
  Resource Sharing:                    0.31
  Logic Optimization:                  1.29
  Mapping Optimization:                1.67
  -----------------------------------------
  Overall Compile Time:               10.64
  Overall Compile Wall Clock Time:    11.22

  --------------------------------------------------------------------

  Design  WNS: 0.00  TNS: 0.00  Number of Violating Paths: 0


  Design (Hold)  WNS: 0.00  TNS: 0.00  Number of Violating Paths: 0

  --------------------------------------------------------------------


1
