 
****************************************
Report : qor
Design : HDL_Complex_Multiplier
Version: P-2019.03-SP3
Date   : Tue Feb 23 12:28:49 2021
****************************************


  Timing Path Group 'clk'
  -----------------------------------
  Levels of Logic:              12.00
  Critical Path Length:          1.21
  Critical Path Slack:           0.00
  Critical Path Clk Period:      1.26
  Total Negative Slack:          0.00
  No. of Violating Paths:        0.00
  Worst Hold Violation:          0.00
  Total Hold Violation:          0.00
  No. of Hold Violations:        0.00
  -----------------------------------


  Cell Count
  -----------------------------------
  Hierarchical Cell Count:          0
  Hierarchical Port Count:          0
  Leaf Cell Count:               1485
  Buf/Inv Cell Count:             146
  Buf Cell Count:                   6
  Inv Cell Count:                 140
  CT Buf/Inv Cell Count:            0
  Combinational Cell Count:      1290
  Sequential Cell Count:          195
  Macro Count:                      0
  -----------------------------------


  Area
  -----------------------------------
  Combinational Area:     3023.042859
  Noncombinational Area:  1290.543274
  Buf/Inv Area:            197.215745
  Total Buffer Area:            17.28
  Total Inverter Area:         179.93
  Macro/Black Box Area:      0.000000
  Net Area:               1028.663586
  -----------------------------------
  Cell Area:              4313.586133
  Design Area:            5342.249719


  Design Rules
  -----------------------------------
  Total Number of Nets:          1628
  Nets With Violations:             0
  Max Trans Violations:             0
  Max Cap Violations:               0
  -----------------------------------


  Hostname: rhel77vdi012

  Compile CPU Statistics
  -----------------------------------------
  Resource Sharing:                    0.31
  Logic Optimization:                  2.50
  Mapping Optimization:                3.87
  -----------------------------------------
  Overall Compile Time:               14.62
  Overall Compile Wall Clock Time:    15.25

  --------------------------------------------------------------------

  Design  WNS: 0.00  TNS: 0.00  Number of Violating Paths: 0


  Design (Hold)  WNS: 0.00  TNS: 0.00  Number of Violating Paths: 0

  --------------------------------------------------------------------


1
