 
****************************************
Report : qor
Design : HDL_Complex_Multiplier
Version: P-2019.03-SP3
Date   : Tue Feb 23 12:30:23 2021
****************************************


  Timing Path Group 'clk'
  -----------------------------------
  Levels of Logic:              20.00
  Critical Path Length:          2.07
  Critical Path Slack:           0.07
  Critical Path Clk Period:      2.20
  Total Negative Slack:          0.00
  No. of Violating Paths:        0.00
  Worst Hold Violation:          0.00
  Total Hold Violation:          0.00
  No. of Hold Violations:        0.00
  -----------------------------------


  Cell Count
  -----------------------------------
  Hierarchical Cell Count:          0
  Hierarchical Port Count:          0
  Leaf Cell Count:               1232
  Buf/Inv Cell Count:             133
  Buf Cell Count:                   9
  Inv Cell Count:                 124
  CT Buf/Inv Cell Count:            0
  Combinational Cell Count:      1037
  Sequential Cell Count:          195
  Macro Count:                      0
  -----------------------------------


  Area
  -----------------------------------
  Combinational Area:     2452.489578
  Noncombinational Area:  1290.034986
  Buf/Inv Area:            177.138369
  Total Buffer Area:            18.81
  Total Inverter Area:         158.33
  Macro/Black Box Area:      0.000000
  Net Area:                838.192544
  -----------------------------------
  Cell Area:              3742.524564
  Design Area:            4580.717107


  Design Rules
  -----------------------------------
  Total Number of Nets:          1382
  Nets With Violations:             0
  Max Trans Violations:             0
  Max Cap Violations:               0
  -----------------------------------


  Hostname: rhel77vdi012

  Compile CPU Statistics
  -----------------------------------------
  Resource Sharing:                    0.32
  Logic Optimization:                  1.22
  Mapping Optimization:                1.56
  -----------------------------------------
  Overall Compile Time:               10.50
  Overall Compile Wall Clock Time:    11.11

  --------------------------------------------------------------------

  Design  WNS: 0.00  TNS: 0.00  Number of Violating Paths: 0


  Design (Hold)  WNS: 0.00  TNS: 0.00  Number of Violating Paths: 0

  --------------------------------------------------------------------


1
