 
****************************************
Report : area
Design : HDL_Complex_Multiplier
Version: P-2019.03-SP3
Date   : Tue Feb 23 11:34:36 2021
****************************************

Information: Updating design information... (UID-85)
Library(s) Used:

    saed32rvt_ss0p95v125c (File: /usr/local/synopsys/SAED32_EDK/lib/stdcell_rvt/db_nldm/saed32rvt_ss0p95v125c.db)

Number of ports:                          199
Number of nets:                          1813
Number of cells:                         1636
Number of combinational cells:           1435
Number of sequential cells:               195
Number of macros/black boxes:               0
Number of buf/inv:                        190
Number of references:                      37

Combinational area:               3121.904896
Buf/Inv area:                      263.547329
Noncombinational area:            1290.543274
Macro/Black Box area:                0.000000
Net Interconnect area:            1100.319809

Total cell area:                  4412.448170
Total area:                       5512.767979
1
